#
# A fatal error has been detected by the Java Runtime Environment:
#
#  Internal Error (javaCalls.cpp:51), pid=11788, tid=0x00007f8a09f9a700
#  guarantee(thread->is_Java_thread()) failed: crucial check - the VM thread cannot and must not escape to Java code
#
# JRE version: OpenJDK Runtime Environment (8.0_212-b03) (build 1.8.0_212-b03)
# Java VM: OpenJDK 64-Bit Server VM (25.212-b03 mixed mode linux-amd64 compressed oops)
# Core dump written. Default location: /home/boris/progs/autoshowroom/server-groovy/core or core.11788
#
# If you would like to submit a bug report, please visit:
#   http://bugreport.java.com/bugreport/crash.jsp
#

---------------  T H R E A D  ---------------

Current thread (0x00007f8a2014a000):  VMThread [stack: 0x00007f8a09e9b000,0x00007f8a09f9b000] [id=11801]

Stack: [0x00007f8a09e9b000,0x00007f8a09f9b000],  sp=0x00007f8a09f987a0,  free space=1013k
Native frames: (J=compiled Java code, j=interpreted, Vv=VM code, C=native code)
V  [libjvm.so+0xa36b8c]
V  [libjvm.so+0x4bad96]
V  [libjvm.so+0x64bd39]
V  [libjvm.so+0x64e5d8]
V  [libjvm.so+0x64cd30]
V  [libjvm.so+0x5432d4]
V  [libjvm.so+0x54389c]
V  [libjvm.so+0x5a7937]
V  [libjvm.so+0x5a82e8]
V  [libjvm.so+0x5ace5b]
V  [libjvm.so+0x5b1219]
V  [libjvm.so+0x5b259c]
V  [libjvm.so+0x5b2973]
V  [libjvm.so+0x886881]
V  [libjvm.so+0x88877e]
V  [libjvm.so+0x889505]
V  [libjvm.so+0x60d15a]
V  [libjvm.so+0x82d3fe]
V  [libjvm.so+0x718feb]
V  [libjvm.so+0xa3dc87]
V  [libjvm.so+0xa3b7e0]
V  [libjvm.so+0xa3c9ad]
V  [libjvm.so+0xa3cc0e]
V  [libjvm.so+0x894364]

VM_Operation (0x00007f8a09b95990): GetOrSetLocal, mode: safepoint, requested by thread 0x00007f8a20197800


---------------  P R O C E S S  ---------------

Java Threads: ( => current thread )
  0x00007f898c007000 JavaThread "cluster1-nio-worker-4" [_thread_in_native, id=13683, stack(0x00007f89a8fe4000,0x00007f89a90e5000)]
  0x00007f898c006000 JavaThread "cluster1-reconnection-1" [_thread_blocked, id=13682, stack(0x00007f89a8ee3000,0x00007f89a8fe4000)]
  0x00007f8990004800 JavaThread "cluster1-reconnection-0" [_thread_blocked, id=13681, stack(0x00007f89879fa000,0x00007f8987afb000)]
  0x00007f899c05f000 JavaThread "cluster1-nio-worker-3" [_thread_in_native, id=13543, stack(0x00007f8987afb000,0x00007f8987bfc000)]
  0x00007f898c003800 JavaThread "cluster1-nio-worker-2" [_thread_in_native, id=13542, stack(0x00007f89878f9000,0x00007f89879fa000)]
  0x00007f89c0357800 JavaThread "grpc-nio-worker-ELG-9-4" daemon [_thread_in_native, id=13037, stack(0x00007f8a0844c000,0x00007f8a0854d000)]
  0x00007f89a0005800 JavaThread "grpc-nio-worker-ELG-9-3" daemon [_thread_in_native, id=12486, stack(0x00007f8984df4000,0x00007f8984ef5000)]
  0x00007f89ec089000 JavaThread "grpc-nio-worker-ELG-9-2" daemon [_thread_in_native, id=11906, stack(0x00007f89872f7000,0x00007f89873f8000)]
  0x00007f8998116800 JavaThread "grpc-nio-worker-ELG-9-1" daemon [_thread_in_native, id=11904, stack(0x00007f89877f8000,0x00007f89878f9000)]
  0x00007f8a20012000 JavaThread "DestroyJavaVM" [_thread_blocked, id=11790, stack(0x00007f8a24cee000,0x00007f8a24dee000)]
  0x00007f8a21644800 JavaThread "http-nio-8081-Acceptor-0" daemon [_thread_in_native, id=11887, stack(0x00007f8987bfc000,0x00007f8987cfd000)]
  0x00007f8a21641000 JavaThread "http-nio-8081-ClientPoller-1" daemon [_thread_in_native, id=11886, stack(0x00007f8987cfd000,0x00007f8987dfe000)]
  0x00007f8a21626000 JavaThread "http-nio-8081-ClientPoller-0" daemon [_thread_in_native, id=11885, stack(0x00007f8987dfe000,0x00007f8987eff000)]
  0x00007f8a2160b000 JavaThread "http-nio-8081-exec-10" daemon [_thread_blocked, id=11884, stack(0x00007f8987eff000,0x00007f8988000000)]
  0x00007f8a21609000 JavaThread "http-nio-8081-exec-9" daemon [_thread_blocked, id=11883, stack(0x00007f89a80d9000,0x00007f89a81da000)]
  0x00007f8a21607000 JavaThread "http-nio-8081-exec-8" daemon [_thread_blocked, id=11882, stack(0x00007f89a81da000,0x00007f89a82db000)]
  0x00007f8a21605000 JavaThread "http-nio-8081-exec-7" daemon [_thread_blocked, id=11881, stack(0x00007f89a82db000,0x00007f89a83dc000)]
  0x00007f8a21603000 JavaThread "http-nio-8081-exec-6" daemon [_thread_blocked, id=11880, stack(0x00007f89a83dc000,0x00007f89a84dd000)]
  0x00007f8a21601000 JavaThread "http-nio-8081-exec-5" daemon [_thread_blocked, id=11879, stack(0x00007f89a84dd000,0x00007f89a85de000)]
  0x00007f8a215ff000 JavaThread "http-nio-8081-exec-4" daemon [_thread_blocked, id=11878, stack(0x00007f89a85de000,0x00007f89a86df000)]
  0x00007f8a215fd800 JavaThread "http-nio-8081-exec-3" daemon [_thread_blocked, id=11877, stack(0x00007f89a86df000,0x00007f89a87e0000)]
  0x00007f8a215fc000 JavaThread "http-nio-8081-exec-2" daemon [_thread_blocked, id=11876, stack(0x00007f89a87e0000,0x00007f89a88e1000)]
  0x00007f8a215fb000 JavaThread "http-nio-8081-exec-1" daemon [_thread_blocked, id=11875, stack(0x00007f89a88e1000,0x00007f89a89e2000)]
  0x00007f8a215f9000 JavaThread "NioBlockingSelector.BlockPoller-1" daemon [_thread_in_native, id=11874, stack(0x00007f89a89e2000,0x00007f89a8ae3000)]
  0x00007f8a212f3800 JavaThread "cluster1-nio-worker-1" [_thread_in_native, id=11858, stack(0x00007f89aa2e8000,0x00007f89aa3e9000)]
  0x00007f899c026800 JavaThread "cluster1-timeouter-0" [_thread_blocked, id=11855, stack(0x00007f89ab3ea000,0x00007f89ab4eb000)]
  0x00007f8a212b9800 JavaThread "cluster1-nio-worker-0" [_thread_in_native, id=11854, stack(0x00007f89ab6eb000,0x00007f89ab7ec000)]
  0x00007f8a21212000 JavaThread "cluster1-scheduled-task-worker-0" [_thread_blocked, id=11851, stack(0x00007f89ab7ec000,0x00007f89ab8ed000)]
  0x00007f8a210b7800 JavaThread "cluster1-connection-reaper-0" [_thread_blocked, id=11850, stack(0x00007f89abced000,0x00007f89abdee000)]
  0x00007f8a20eff000 JavaThread "container-0" [_thread_blocked, id=11847, stack(0x00007f89c8afe000,0x00007f89c8bff000)]
  0x00007f89c041d800 JavaThread "Catalina-utility-2" [_thread_blocked, id=11846, stack(0x00007f8a0822f000,0x00007f8a08330000)]
  0x00007f8a20eef800 JavaThread "Catalina-utility-1" [_thread_blocked, id=11845, stack(0x00007f8a08a4e000,0x00007f8a08b4f000)]
  0x00007f89b8020000 JavaThread "RMI Scheduler(0)" daemon [_thread_blocked, id=11834, stack(0x00007f8a08330000,0x00007f8a08431000)]
  0x00007f89e4001000 JavaThread "Attach Listener" daemon [_thread_blocked, id=11828, stack(0x00007f8a0874d000,0x00007f8a0884e000)]
  0x00007f8a206ec000 JavaThread "RMI TCP Accept-0" daemon [_thread_in_native, id=11821, stack(0x00007f8a0908a000,0x00007f8a0918b000)]
  0x00007f8a205e9000 JavaThread "Service Thread" daemon [_thread_blocked, id=11820, stack(0x00007f8a091c9000,0x00007f8a092ca000)]
  0x00007f8a205e5800 JavaThread "C1 CompilerThread2" daemon [_thread_blocked, id=11819, stack(0x00007f8a092cb000,0x00007f8a093cb000)]
  0x00007f8a205e3000 JavaThread "C2 CompilerThread1" daemon [_thread_blocked, id=11818, stack(0x00007f8a093cc000,0x00007f8a094cc000)]
  0x00007f8a205e1800 JavaThread "C2 CompilerThread0" daemon [_thread_blocked, id=11817, stack(0x00007f8a094cd000,0x00007f8a095cd000)]
  0x00007f89e8001000 JavaThread "JDWP Command Reader" daemon [_thread_in_native, id=11816, stack(0x00007f8a09894000,0x00007f8a09995000)]
  0x00007f8a2019b000 JavaThread "JDWP Event Helper Thread" daemon [_thread_blocked, id=11814, stack(0x00007f8a09995000,0x00007f8a09a96000)]
  0x00007f8a20197800 JavaThread "JDWP Transport Listener: dt_socket" daemon [_thread_blocked, id=11812, stack(0x00007f8a09a96000,0x00007f8a09b97000)]
  0x00007f8a20188000 JavaThread "Signal Dispatcher" daemon [_thread_blocked, id=11811, stack(0x00007f8a09b97000,0x00007f8a09c98000)]
  0x00007f8a20156000 JavaThread "Finalizer" daemon [_thread_blocked, id=11804, stack(0x00007f8a09c98000,0x00007f8a09d99000)]
  0x00007f8a20153800 JavaThread "Reference Handler" daemon [_thread_blocked, id=11803, stack(0x00007f8a09d99000,0x00007f8a09e9a000)]

Other Threads:
=>0x00007f8a2014a000 VMThread [stack: 0x00007f8a09e9b000,0x00007f8a09f9b000] [id=11801]
  0x00007f8a20701800 WatcherThread [stack: 0x00007f8a08f8a000,0x00007f8a0908a000] [id=11822]

VM state:at safepoint (normal execution)

VM Mutex/Monitor currently owned by a thread:  ([mutex/lock_event])
[0x00007f8a2000ab40] Threads_lock - owner thread: 0x00007f8a2014a000

heap address: 0x000000072a200000, size: 2398 MB, Compressed Oops mode: Zero based, Oop shift amount: 3
Narrow klass base: 0x0000000000000000, Narrow klass shift: 3
Compressed class space size: 1073741824 Address: 0x00000007c0000000

Heap:
 PSYoungGen      total 454656K, used 151750K [0x000000078e100000, 0x00000007ac580000, 0x00000007c0000000)
  eden space 434176K, 34% used [0x000000078e100000,0x0000000797531988,0x00000007a8900000)
  from space 20480K, 0% used [0x00000007ab180000,0x00000007ab180000,0x00000007ac580000)
  to   space 25600K, 0% used [0x00000007a9380000,0x00000007a9380000,0x00000007aac80000)
 ParOldGen       total 116736K, used 35167K [0x000000072a200000, 0x0000000731400000, 0x000000078e100000)
  object space 116736K, 30% used [0x000000072a200000,0x000000072c457f78,0x0000000731400000)
 Metaspace       used 56940K, capacity 60001K, committed 60056K, reserved 1101824K
  class space    used 7220K, capacity 7807K, committed 7848K, reserved 1048576K

Card table byte_map: [0x00007f8a240d7000,0x00007f8a24587000] byte_map_base: 0x00007f8a20786000

Marking Bits: (ParMarkBitMap*) 0x00007f8a25c0dc80
 Begin Bits: [0x00007f8a0bdec000, 0x00007f8a0e364000)
 End Bits:   [0x00007f8a0e364000, 0x00007f8a108dc000)

Polling page: 0x00007f8a2609d000

CodeCache: size=245760Kb used=12741Kb max_used=12741Kb free=233018Kb
 bounds [0x00007f8a11000000, 0x00007f8a11c80000, 0x00007f8a20000000]
 total_blobs=6741 nmethods=5859 adapters=802
 compilation: enabled

Compilation events (10 events):
Event: 1530,058 Thread 0x00007f8a205e5800 5978       1       org.codehaus.groovy.reflection.CachedClass$4::initValue (5 bytes)
Event: 1530,058 Thread 0x00007f8a205e5800 nmethod 5978 0x00007f8a11c72e50 code [0x00007f8a11c72fc0, 0x00007f8a11c730e8]
Event: 1530,058 Thread 0x00007f8a205e5800 5979       1       org.codehaus.groovy.reflection.CachedClass$4::initValue (63 bytes)
Event: 1530,058 Thread 0x00007f8a205e5800 nmethod 5979 0x00007f8a11c73190 code [0x00007f8a11c73360, 0x00007f8a11c73678]
Event: 1530,077 Thread 0x00007f8a205e5800 5980       1       groovy.lang.MetaClassImpl$1::compare (13 bytes)
Event: 1530,077 Thread 0x00007f8a205e5800 nmethod 5980 0x00007f8a11c73990 code [0x00007f8a11c73b20, 0x00007f8a11c73de8]
Event: 1530,078 Thread 0x00007f8a205e5800 5981       1       groovy.lang.MetaClassImpl$1::compare (12 bytes)
Event: 1530,078 Thread 0x00007f8a205e5800 nmethod 5981 0x00007f8a11c740d0 code [0x00007f8a11c74260, 0x00007f8a11c744a8]
Event: 1530,081 Thread 0x00007f8a205e5800 5982       1       sun.reflect.ClassFileAssembler::opc_aload_1 (24 bytes)
Event: 1530,081 Thread 0x00007f8a205e5800 nmethod 5982 0x00007f8a11c74690 code [0x00007f8a11c74800, 0x00007f8a11c749a8]

GC Heap History (10 events):
Event: 3,733 GC heap before
{Heap before GC invocations=7 (full 1):
 PSYoungGen      total 161792K, used 79601K [0x000000078e100000, 0x00000007a0c80000, 0x00000007c0000000)
  eden space 155648K, 47% used [0x000000078e100000,0x00000007928bf240,0x0000000797900000)
  from space 6144K, 99% used [0x0000000797900000,0x0000000797efd350,0x0000000797f00000)
  to   space 14336K, 0% used [0x000000079fe80000,0x000000079fe80000,0x00000007a0c80000)
 ParOldGen       total 56832K, used 13343K [0x000000072a200000, 0x000000072d980000, 0x000000078e100000)
  object space 56832K, 23% used [0x000000072a200000,0x000000072af07ff8,0x000000072d980000)
 Metaspace       used 33786K, capacity 35341K, committed 35496K, reserved 1081344K
  class space    used 4196K, capacity 4520K, committed 4520K, reserved 1048576K
Event: 3,752 GC heap after
Heap after GC invocations=7 (full 1):
 PSYoungGen      total 289792K, used 14199K [0x000000078e100000, 0x00000007a0f00000, 0x00000007c0000000)
  eden space 275456K, 0% used [0x000000078e100000,0x000000078e100000,0x000000079ee00000)
  from space 14336K, 99% used [0x000000079fe80000,0x00000007a0c5dd30,0x00000007a0c80000)
  to   space 16896K, 0% used [0x000000079ee00000,0x000000079ee00000,0x000000079fe80000)
 ParOldGen       total 56832K, used 13351K [0x000000072a200000, 0x000000072d980000, 0x000000078e100000)
  object space 56832K, 23% used [0x000000072a200000,0x000000072af09ff8,0x000000072d980000)
 Metaspace       used 33786K, capacity 35341K, committed 35496K, reserved 1081344K
  class space    used 4196K, capacity 4520K, committed 4520K, reserved 1048576K
}
Event: 3,752 GC heap before
{Heap before GC invocations=8 (full 2):
 PSYoungGen      total 289792K, used 14199K [0x000000078e100000, 0x00000007a0f00000, 0x00000007c0000000)
  eden space 275456K, 0% used [0x000000078e100000,0x000000078e100000,0x000000079ee00000)
  from space 14336K, 99% used [0x000000079fe80000,0x00000007a0c5dd30,0x00000007a0c80000)
  to   space 16896K, 0% used [0x000000079ee00000,0x000000079ee00000,0x000000079fe80000)
 ParOldGen       total 56832K, used 13351K [0x000000072a200000, 0x000000072d980000, 0x000000078e100000)
  object space 56832K, 23% used [0x000000072a200000,0x000000072af09ff8,0x000000072d980000)
 Metaspace       used 33786K, capacity 35341K, committed 35496K, reserved 1081344K
  class space    used 4196K, capacity 4520K, committed 4520K, reserved 1048576K
Event: 3,801 GC heap after
Heap after GC invocations=8 (full 2):
 PSYoungGen      total 289792K, used 0K [0x000000078e100000, 0x00000007a0f00000, 0x00000007c0000000)
  eden space 275456K, 0% used [0x000000078e100000,0x000000078e100000,0x000000079ee00000)
  from space 14336K, 0% used [0x000000079fe80000,0x000000079fe80000,0x00000007a0c80000)
  to   space 16896K, 0% used [0x000000079ee00000,0x000000079ee00000,0x000000079fe80000)
 ParOldGen       total 88064K, used 20261K [0x000000072a200000, 0x000000072f800000, 0x000000078e100000)
  object space 88064K, 23% used [0x000000072a200000,0x000000072b5c9758,0x000000072f800000)
 Metaspace       used 33786K, capacity 35341K, committed 35496K, reserved 1081344K
  class space    used 4196K, capacity 4520K, committed 4520K, reserved 1048576K
}
Event: 8,930 GC heap before
{Heap before GC invocations=9 (full 2):
 PSYoungGen      total 289792K, used 275456K [0x000000078e100000, 0x00000007a0f00000, 0x00000007c0000000)
  eden space 275456K, 100% used [0x000000078e100000,0x000000079ee00000,0x000000079ee00000)
  from space 14336K, 0% used [0x000000079fe80000,0x000000079fe80000,0x00000007a0c80000)
  to   space 16896K, 0% used [0x000000079ee00000,0x000000079ee00000,0x000000079fe80000)
 ParOldGen       total 88064K, used 20261K [0x000000072a200000, 0x000000072f800000, 0x000000078e100000)
  object space 88064K, 23% used [0x000000072a200000,0x000000072b5c9758,0x000000072f800000)
 Metaspace       used 49698K, capacity 52495K, committed 52776K, reserved 1095680K
  class space    used 6316K, capacity 6826K, committed 6952K, reserved 1048576K
Event: 8,970 GC heap after
Heap after GC invocations=9 (full 2):
 PSYoungGen      total 292352K, used 16895K [0x000000078e100000, 0x00000007ac800000, 0x00000007c0000000)
  eden space 275456K, 0% used [0x000000078e100000,0x000000078e100000,0x000000079ee00000)
  from space 16896K, 99% used [0x000000079ee00000,0x000000079fe7ff90,0x000000079fe80000)
  to   space 23040K, 0% used [0x00000007ab180000,0x00000007ab180000,0x00000007ac800000)
 ParOldGen       total 88064K, used 26639K [0x000000072a200000, 0x000000072f800000, 0x000000078e100000)
  object space 88064K, 30% used [0x000000072a200000,0x000000072bc03fa0,0x000000072f800000)
 Metaspace       used 49698K, capacity 52495K, committed 52776K, reserved 1095680K
  class space    used 6316K, capacity 6826K, committed 6952K, reserved 1048576K
}
Event: 704,508 GC heap before
{Heap before GC invocations=10 (full 2):
 PSYoungGen      total 292352K, used 127483K [0x000000078e100000, 0x00000007ac800000, 0x00000007c0000000)
  eden space 275456K, 40% used [0x000000078e100000,0x0000000794cfedb0,0x000000079ee00000)
  from space 16896K, 99% used [0x000000079ee00000,0x000000079fe7ff90,0x000000079fe80000)
  to   space 23040K, 0% used [0x00000007ab180000,0x00000007ab180000,0x00000007ac800000)
 ParOldGen       total 88064K, used 26639K [0x000000072a200000, 0x000000072f800000, 0x000000078e100000)
  object space 88064K, 30% used [0x000000072a200000,0x000000072bc03fa0,0x000000072f800000)
 Metaspace       used 56189K, capacity 59101K, committed 59160K, reserved 1101824K
  class space    used 7108K, capacity 7661K, committed 7720K, reserved 1048576K
Event: 704,536 GC heap after
Heap after GC invocations=10 (full 2):
 PSYoungGen      total 454656K, used 20407K [0x000000078e100000, 0x00000007ac580000, 0x00000007c0000000)
  eden space 434176K, 0% used [0x000000078e100000,0x000000078e100000,0x00000007a8900000)
  from space 20480K, 99% used [0x00000007ab180000,0x00000007ac56dd80,0x00000007ac580000)
  to   space 25600K, 0% used [0x00000007a9380000,0x00000007a9380000,0x00000007aac80000)
 ParOldGen       total 88064K, used 26647K [0x000000072a200000, 0x000000072f800000, 0x000000078e100000)
  object space 88064K, 30% used [0x000000072a200000,0x000000072bc05fa0,0x000000072f800000)
 Metaspace       used 56189K, capacity 59101K, committed 59160K, reserved 1101824K
  class space    used 7108K, capacity 7661K, committed 7720K, reserved 1048576K
}
Event: 704,536 GC heap before
{Heap before GC invocations=11 (full 3):
 PSYoungGen      total 454656K, used 20407K [0x000000078e100000, 0x00000007ac580000, 0x00000007c0000000)
  eden space 434176K, 0% used [0x000000078e100000,0x000000078e100000,0x00000007a8900000)
  from space 20480K, 99% used [0x00000007ab180000,0x00000007ac56dd80,0x00000007ac580000)
  to   space 25600K, 0% used [0x00000007a9380000,0x00000007a9380000,0x00000007aac80000)
 ParOldGen       total 88064K, used 26647K [0x000000072a200000, 0x000000072f800000, 0x000000078e100000)
  object space 88064K, 30% used [0x000000072a200000,0x000000072bc05fa0,0x000000072f800000)
 Metaspace       used 56189K, capacity 59101K, committed 59160K, reserved 1101824K
  class space    used 7108K, capacity 7661K, committed 7720K, reserved 1048576K
Event: 704,669 GC heap after
Heap after GC invocations=11 (full 3):
 PSYoungGen      total 454656K, used 0K [0x000000078e100000, 0x00000007ac580000, 0x00000007c0000000)
  eden space 434176K, 0% used [0x000000078e100000,0x000000078e100000,0x00000007a8900000)
  from space 20480K, 0% used [0x00000007ab180000,0x00000007ab180000,0x00000007ac580000)
  to   space 25600K, 0% used [0x00000007a9380000,0x00000007a9380000,0x00000007aac80000)
 ParOldGen       total 116736K, used 35167K [0x000000072a200000, 0x0000000731400000, 0x000000078e100000)
  object space 116736K, 30% used [0x000000072a200000,0x000000072c457f78,0x0000000731400000)
 Metaspace       used 56189K, capacity 59101K, committed 59160K, reserved 1101824K
  class space    used 7108K, capacity 7661K, committed 7720K, reserved 1048576K
}

Deoptimization events (0 events):
No events

Classes redefined (3 events):
Event: 88,674 Thread 0x00007f8a2014a000 redefined class name=mera.com.borisgk98.autoshowroom.servergroovy.rest.grpc.OrderController, count=1
Event: 1334,471 Thread 0x00007f8a2014a000 redefined class name=mera.com.borisgk98.autoshowroom.servergroovy.rest.grpc.OrderController, count=2
Event: 1515,906 Thread 0x00007f8a2014a000 redefined class name=mera.com.borisgk98.autoshowroom.servergroovy.rest.grpc.OrderController, count=3

Internal exceptions (10 events):
Event: 1530,076 Thread 0x00007f8a215fd800 Exception <a 'java/lang/ArrayIndexOutOfBoundsException'> (0x00000007972c2810) thrown at [/build/src/jdk8u-jdk8u212-b03/hotspot/src/share/vm/runtime/sharedRuntime.cpp, line 605]
Event: 1530,076 Thread 0x00007f8a215fd800 Exception <a 'java/lang/ArrayIndexOutOfBoundsException'> (0x00000007972c43a0) thrown at [/build/src/jdk8u-jdk8u212-b03/hotspot/src/share/vm/runtime/sharedRuntime.cpp, line 605]
Event: 1530,080 Thread 0x00007f8a215fd800 Exception <a 'java/lang/ClassNotFoundException': int> (0x000000079733cd60) thrown at [/build/src/jdk8u-jdk8u212-b03/hotspot/src/share/vm/classfile/systemDictionary.cpp, line 210]
Event: 1530,080 Thread 0x00007f8a215fd800 Exception <a 'java/lang/ClassNotFoundException': int> (0x000000079733d400) thrown at [/build/src/jdk8u-jdk8u212-b03/hotspot/src/share/vm/classfile/systemDictionary.cpp, line 210]
Event: 1530,080 Thread 0x00007f8a215fd800 Exception <a 'java/lang/ClassCastException': java.lang.Integer cannot be cast to groovy.lang.GroovyObject> (0x000000079733dcd0) thrown at [/build/src/jdk8u-jdk8u212-b03/hotspot/src/share/vm/interpreter/interpreterRuntime.cpp, line 383]
Event: 1530,081 Thread 0x00007f8a215fd800 Exception <a 'java/lang/ClassNotFoundException': int> (0x0000000797343bc8) thrown at [/build/src/jdk8u-jdk8u212-b03/hotspot/src/share/vm/classfile/systemDictionary.cpp, line 210]
Event: 1530,081 Thread 0x00007f8a215fd800 Exception <a 'java/lang/IllegalArgumentException': wrong number of arguments> (0x0000000797344b60) thrown at [/build/src/jdk8u-jdk8u212-b03/hotspot/src/share/vm/runtime/reflection.cpp, line 1028]
Event: 1530,082 Thread 0x00007f8a215fd800 Exception <a 'java/lang/IllegalArgumentException': wrong number of arguments> (0x0000000797354db8) thrown at [/build/src/jdk8u-jdk8u212-b03/hotspot/src/share/vm/runtime/reflection.cpp, line 1028]
Event: 1530,084 Thread 0x00007f8a215fd800 Exception <a 'java/lang/IllegalArgumentException': wrong number of arguments> (0x00000007973811f8) thrown at [/build/src/jdk8u-jdk8u212-b03/hotspot/src/share/vm/runtime/reflection.cpp, line 1028]
Event: 1530,084 Thread 0x00007f8a215fd800 Exception <a 'java/lang/IllegalArgumentException': wrong number of arguments> (0x0000000797390720) thrown at [/build/src/jdk8u-jdk8u212-b03/hotspot/src/share/vm/runtime/reflection.cpp, line 1028]

Events (10 events):
Event: 1530,084 Thread 0x00007f8a215fd800 DEOPT UNPACKING pc=0x00007f8a110474c4 sp=0x00007f89a87dbd88 mode 1
Event: 1530,084 Thread 0x00007f8a215fd800 DEOPT PACKING pc=0x00007f8a11bef89c sp=0x00007f89a87dc090
Event: 1530,084 Thread 0x00007f8a215fd800 DEOPT UNPACKING pc=0x00007f8a110474c4 sp=0x00007f89a87dbe40 mode 1
Event: 1530,084 Thread 0x00007f8a215fd800 DEOPT PACKING pc=0x00007f8a11c0a914 sp=0x00007f89a87dc150
Event: 1530,084 Thread 0x00007f8a215fd800 DEOPT UNPACKING pc=0x00007f8a110474c4 sp=0x00007f89a87dbec0 mode 1
Event: 1530,084 Thread 0x00007f8a215fd800 DEOPT PACKING pc=0x00007f8a11acdf1c sp=0x00007f89a87dc250
Event: 1530,084 Thread 0x00007f8a215fd800 DEOPT UNPACKING pc=0x00007f8a110474c4 sp=0x00007f89a87dbfd0 mode 1
Event: 1530,085 Executing VM operation: ForceSafepoint
Event: 1530,086 Executing VM operation: ForceSafepoint done
Event: 1530,087 Executing VM operation: GetOrSetLocal


Dynamic libraries:
72a200000-731400000 rw-p 00000000 00:00 0 
731400000-78e100000 ---p 00000000 00:00 0 
78e100000-7ac580000 rw-p 00000000 00:00 0 
7ac580000-7c0000000 ---p 00000000 00:00 0 
7c0000000-7c07aa000 rw-p 00000000 00:00 0 
7c07aa000-800000000 ---p 00000000 00:00 0 
560a25c4a000-560a25c4b000 r--p 00000000 08:01 928207                     /usr/lib/jvm/java-8-openjdk/jre/bin/java
560a25c4b000-560a25c4c000 r-xp 00001000 08:01 928207                     /usr/lib/jvm/java-8-openjdk/jre/bin/java
560a25c4c000-560a25c4d000 r--p 00002000 08:01 928207                     /usr/lib/jvm/java-8-openjdk/jre/bin/java
560a25c4d000-560a25c4e000 r--p 00002000 08:01 928207                     /usr/lib/jvm/java-8-openjdk/jre/bin/java
560a25c4e000-560a25c4f000 rw-p 00003000 08:01 928207                     /usr/lib/jvm/java-8-openjdk/jre/bin/java
560a27842000-560a27863000 rw-p 00000000 00:00 0                          [heap]
7f8980bf0000-7f8984cf0000 rw-p 00000000 00:00 0 
7f8984cf0000-7f8984df4000 ---p 00000000 00:00 0 
7f8984df4000-7f8984df7000 ---p 00000000 00:00 0 
7f8984df7000-7f89850f5000 rw-p 00000000 00:00 0 
7f89850f5000-7f89872f7000 rw-p 00000000 00:00 0 
7f89872f7000-7f89872fa000 ---p 00000000 00:00 0 
7f89872fa000-7f89875f8000 rw-p 00000000 00:00 0 
7f89875f8000-7f89877f8000 rw-p 00000000 00:00 0 
7f89877f8000-7f89877fb000 ---p 00000000 00:00 0 
7f89877fb000-7f89878f9000 rw-p 00000000 00:00 0 
7f89878f9000-7f89878fc000 ---p 00000000 00:00 0 
7f89878fc000-7f89879fa000 rw-p 00000000 00:00 0 
7f89879fa000-7f89879fd000 ---p 00000000 00:00 0 
7f89879fd000-7f8987afb000 rw-p 00000000 00:00 0 
7f8987afb000-7f8987afe000 ---p 00000000 00:00 0 
7f8987afe000-7f8987bfc000 rw-p 00000000 00:00 0 
7f8987bfc000-7f8987bff000 ---p 00000000 00:00 0 
7f8987bff000-7f8987cfd000 rw-p 00000000 00:00 0 
7f8987cfd000-7f8987d00000 ---p 00000000 00:00 0 
7f8987d00000-7f8987dfe000 rw-p 00000000 00:00 0 
7f8987dfe000-7f8987e01000 ---p 00000000 00:00 0 
7f8987e01000-7f8987eff000 rw-p 00000000 00:00 0 
7f8987eff000-7f8987f02000 ---p 00000000 00:00 0 
7f8987f02000-7f8988000000 rw-p 00000000 00:00 0 
7f8988000000-7f8988021000 rw-p 00000000 00:00 0 
7f8988021000-7f898c000000 ---p 00000000 00:00 0 
7f898c000000-7f898c021000 rw-p 00000000 00:00 0 
7f898c021000-7f8990000000 ---p 00000000 00:00 0 
7f8990000000-7f8990021000 rw-p 00000000 00:00 0 
7f8990021000-7f8994000000 ---p 00000000 00:00 0 
7f8994000000-7f8994021000 rw-p 00000000 00:00 0 
7f8994021000-7f8998000000 ---p 00000000 00:00 0 
7f8998000000-7f89982fb000 rw-p 00000000 00:00 0 
7f89982fb000-7f899c000000 ---p 00000000 00:00 0 
7f899c000000-7f899c0a3000 rw-p 00000000 00:00 0 
7f899c0a3000-7f89a0000000 ---p 00000000 00:00 0 
7f89a0000000-7f89a00da000 rw-p 00000000 00:00 0 
7f89a00da000-7f89a4000000 ---p 00000000 00:00 0 
7f89a4000000-7f89a4021000 rw-p 00000000 00:00 0 
7f89a4021000-7f89a8000000 ---p 00000000 00:00 0 
7f89a80d9000-7f89a80dc000 ---p 00000000 00:00 0 
7f89a80dc000-7f89a81da000 rw-p 00000000 00:00 0 
7f89a81da000-7f89a81dd000 ---p 00000000 00:00 0 
7f89a81dd000-7f89a82db000 rw-p 00000000 00:00 0 
7f89a82db000-7f89a82de000 ---p 00000000 00:00 0 
7f89a82de000-7f89a83dc000 rw-p 00000000 00:00 0 
7f89a83dc000-7f89a83df000 ---p 00000000 00:00 0 
7f89a83df000-7f89a84dd000 rw-p 00000000 00:00 0 
7f89a84dd000-7f89a84e0000 ---p 00000000 00:00 0 
7f89a84e0000-7f89a85de000 rw-p 00000000 00:00 0 
7f89a85de000-7f89a85e1000 ---p 00000000 00:00 0 
7f89a85e1000-7f89a86df000 rw-p 00000000 00:00 0 
7f89a86df000-7f89a86e2000 ---p 00000000 00:00 0 
7f89a86e2000-7f89a87e0000 rw-p 00000000 00:00 0 
7f89a87e0000-7f89a87e3000 ---p 00000000 00:00 0 
7f89a87e3000-7f89a88e1000 rw-p 00000000 00:00 0 
7f89a88e1000-7f89a88e4000 ---p 00000000 00:00 0 
7f89a88e4000-7f89a89e2000 rw-p 00000000 00:00 0 
7f89a89e2000-7f89a89e5000 ---p 00000000 00:00 0 
7f89a89e5000-7f89a8ce3000 rw-p 00000000 00:00 0 
7f89a8ce3000-7f89a8ee3000 rw-p 00000000 00:00 0 
7f89a8ee3000-7f89a8ee6000 ---p 00000000 00:00 0 
7f89a8ee6000-7f89a8fe4000 rw-p 00000000 00:00 0 
7f89a8fe4000-7f89a8fe7000 ---p 00000000 00:00 0 
7f89a8fe7000-7f89a90e5000 rw-p 00000000 00:00 0 
7f89a90e5000-7f89a90e8000 ---p 00000000 00:00 0 
7f89a90e8000-7f89a91e6000 rw-p 00000000 00:00 0 
7f89a91e6000-7f89a91e9000 ---p 00000000 00:00 0 
7f89a91e9000-7f89aa2e8000 rw-p 00000000 00:00 0 
7f89aa2e8000-7f89aa2eb000 ---p 00000000 00:00 0 
7f89aa2eb000-7f89ab3ea000 rw-p 00000000 00:00 0 
7f89ab3ea000-7f89ab3ed000 ---p 00000000 00:00 0 
7f89ab3ed000-7f89ab6eb000 rw-p 00000000 00:00 0 
7f89ab6eb000-7f89ab6ee000 ---p 00000000 00:00 0 
7f89ab6ee000-7f89ab7ec000 rw-p 00000000 00:00 0 
7f89ab7ec000-7f89ab7ef000 ---p 00000000 00:00 0 
7f89ab7ef000-7f89abaed000 rw-p 00000000 00:00 0 
7f89abaed000-7f89abced000 rw-p 00000000 00:00 0 
7f89abced000-7f89abcf0000 ---p 00000000 00:00 0 
7f89abcf0000-7f89abdee000 rw-p 00000000 00:00 0 
7f89abdee000-7f89abe00000 r-xp 00000000 00:29 160                        /tmp/jffi6962417396270875542.so (deleted)
7f89abe00000-7f89abfff000 ---p 00012000 00:29 160                        /tmp/jffi6962417396270875542.so (deleted)
7f89abfff000-7f89ac000000 rw-p 00011000 00:29 160                        /tmp/jffi6962417396270875542.so (deleted)
7f89ac000000-7f89ac021000 rw-p 00000000 00:00 0 
7f89ac021000-7f89b0000000 ---p 00000000 00:00 0 
7f89b0000000-7f89b0050000 rw-p 00000000 00:00 0 
7f89b0050000-7f89b4000000 ---p 00000000 00:00 0 
7f89b4000000-7f89b4021000 rw-p 00000000 00:00 0 
7f89b4021000-7f89b8000000 ---p 00000000 00:00 0 
7f89b8000000-7f89b803c000 rw-p 00000000 00:00 0 
7f89b803c000-7f89bc000000 ---p 00000000 00:00 0 
7f89bc000000-7f89bc021000 rw-p 00000000 00:00 0 
7f89bc021000-7f89c0000000 ---p 00000000 00:00 0 
7f89c0000000-7f89c0420000 rw-p 00000000 00:00 0 
7f89c0420000-7f89c4000000 ---p 00000000 00:00 0 
7f89c4000000-7f89c4021000 rw-p 00000000 00:00 0 
7f89c4021000-7f89c8000000 ---p 00000000 00:00 0 
7f89c80fe000-7f89c82fe000 rw-p 00000000 00:00 0 
7f89c82fe000-7f89c84fe000 rw-p 00000000 00:00 0 
7f89c84fe000-7f89c86fe000 rw-p 00000000 00:00 0 
7f89c86fe000-7f89c88fe000 rw-p 00000000 00:00 0 
7f89c88fe000-7f89c8afe000 rw-p 00000000 00:00 0 
7f89c8afe000-7f89c8b01000 ---p 00000000 00:00 0 
7f89c8b01000-7f89c8dff000 rw-p 00000000 00:00 0 
7f89c8dff000-7f89c8fff000 rw-p 00000000 00:00 0 
7f89c8fff000-7f89cc000000 rw-p 00000000 00:00 0 
7f89cc000000-7f89ccdae000 rw-p 00000000 00:00 0 
7f89ccdae000-7f89d0000000 ---p 00000000 00:00 0 
7f89d0000000-7f89d0021000 rw-p 00000000 00:00 0 
7f89d0021000-7f89d4000000 ---p 00000000 00:00 0 
7f89d4000000-7f89d4056000 rw-p 00000000 00:00 0 
7f89d4056000-7f89d8000000 ---p 00000000 00:00 0 
7f89d8000000-7f89d8021000 rw-p 00000000 00:00 0 
7f89d8021000-7f89dc000000 ---p 00000000 00:00 0 
7f89dc000000-7f89dc170000 rw-p 00000000 00:00 0 
7f89dc170000-7f89e0000000 ---p 00000000 00:00 0 
7f89e0000000-7f89e0021000 rw-p 00000000 00:00 0 
7f89e0021000-7f89e4000000 ---p 00000000 00:00 0 
7f89e4000000-7f89e4021000 rw-p 00000000 00:00 0 
7f89e4021000-7f89e8000000 ---p 00000000 00:00 0 
7f89e8000000-7f89e814f000 rw-p 00000000 00:00 0 
7f89e814f000-7f89ec000000 ---p 00000000 00:00 0 
7f89ec000000-7f89ec08d000 rw-p 00000000 00:00 0 
7f89ec08d000-7f89f0000000 ---p 00000000 00:00 0 
7f89f0000000-7f89f0021000 rw-p 00000000 00:00 0 
7f89f0021000-7f89f4000000 ---p 00000000 00:00 0 
7f89f4000000-7f89f4021000 rw-p 00000000 00:00 0 
7f89f4021000-7f89f8000000 ---p 00000000 00:00 0 
7f89f8000000-7f89f8085000 rw-p 00000000 00:00 0 
7f89f8085000-7f89fc000000 ---p 00000000 00:00 0 
7f89fc000000-7f89fc021000 rw-p 00000000 00:00 0 
7f89fc021000-7f8a00000000 ---p 00000000 00:00 0 
7f8a00000000-7f8a00021000 rw-p 00000000 00:00 0 
7f8a00021000-7f8a04000000 ---p 00000000 00:00 0 
7f8a04000000-7f8a0402e000 rw-p 00000000 00:00 0 
7f8a0402e000-7f8a08000000 ---p 00000000 00:00 0 
7f8a0802a000-7f8a0802f000 r--s 002f9000 08:01 928500                     /usr/lib/jvm/java-8-openjdk/jre/lib/charsets.jar
7f8a0802f000-7f8a0822f000 rw-p 00000000 00:00 0 
7f8a0822f000-7f8a08232000 ---p 00000000 00:00 0 
7f8a08232000-7f8a08330000 rw-p 00000000 00:00 0 
7f8a08330000-7f8a08333000 ---p 00000000 00:00 0 
7f8a08333000-7f8a08431000 rw-p 00000000 00:00 0 
7f8a08431000-7f8a0844c000 r--s 00394000 08:01 928516                     /usr/lib/jvm/java-8-openjdk/jre/lib/ext/cldrdata.jar
7f8a0844c000-7f8a0844f000 ---p 00000000 00:00 0 
7f8a0844f000-7f8a0874d000 rw-p 00000000 00:00 0 
7f8a0874d000-7f8a08750000 ---p 00000000 00:00 0 
7f8a08750000-7f8a08a4e000 rw-p 00000000 00:00 0 
7f8a08a4e000-7f8a08a51000 ---p 00000000 00:00 0 
7f8a08a51000-7f8a08d4f000 rw-p 00000000 00:00 0 
7f8a08d4f000-7f8a08f4f000 rw-p 00000000 00:00 0 
7f8a08f4f000-7f8a08f59000 r--s 00116000 08:01 928519                     /usr/lib/jvm/java-8-openjdk/jre/lib/ext/localedata.jar
7f8a08f59000-7f8a08f89000 r--p 00000000 08:01 920917                     /usr/share/locale/ru/LC_MESSAGES/libc.mo
7f8a08f89000-7f8a08f8a000 ---p 00000000 00:00 0 
7f8a08f8a000-7f8a0908a000 rw-p 00000000 00:00 0 
7f8a0908a000-7f8a0908d000 ---p 00000000 00:00 0 
7f8a0908d000-7f8a0918b000 rw-p 00000000 00:00 0 
7f8a0918b000-7f8a0918f000 r--s 000a1000 08:01 928542                     /usr/lib/jvm/java-8-openjdk/jre/lib/jsse.jar
7f8a0918f000-7f8a09196000 r--p 00000000 08:01 928487                     /usr/lib/jvm/java-8-openjdk/jre/lib/amd64/libnio.so
7f8a09196000-7f8a0919e000 r-xp 00007000 08:01 928487                     /usr/lib/jvm/java-8-openjdk/jre/lib/amd64/libnio.so
7f8a0919e000-7f8a091a1000 r--p 0000f000 08:01 928487                     /usr/lib/jvm/java-8-openjdk/jre/lib/amd64/libnio.so
7f8a091a1000-7f8a091a2000 ---p 00012000 08:01 928487                     /usr/lib/jvm/java-8-openjdk/jre/lib/amd64/libnio.so
7f8a091a2000-7f8a091a3000 r--p 00012000 08:01 928487                     /usr/lib/jvm/java-8-openjdk/jre/lib/amd64/libnio.so
7f8a091a3000-7f8a091a4000 rw-p 00013000 08:01 928487                     /usr/lib/jvm/java-8-openjdk/jre/lib/amd64/libnio.so
7f8a091a4000-7f8a091a8000 r--p 00000000 08:01 928481                     /usr/lib/jvm/java-8-openjdk/jre/lib/amd64/libmanagement.so
7f8a091a8000-7f8a091ab000 r-xp 00004000 08:01 928481                     /usr/lib/jvm/java-8-openjdk/jre/lib/amd64/libmanagement.so
7f8a091ab000-7f8a091ad000 r--p 00007000 08:01 928481                     /usr/lib/jvm/java-8-openjdk/jre/lib/amd64/libmanagement.so
7f8a091ad000-7f8a091ae000 r--p 00008000 08:01 928481                     /usr/lib/jvm/java-8-openjdk/jre/lib/amd64/libmanagement.so
7f8a091ae000-7f8a091af000 rw-p 00009000 08:01 928481                     /usr/lib/jvm/java-8-openjdk/jre/lib/amd64/libmanagement.so
7f8a091af000-7f8a091b4000 r--p 00000000 08:01 928486                     /usr/lib/jvm/java-8-openjdk/jre/lib/amd64/libnet.so
7f8a091b4000-7f8a091c3000 r-xp 00005000 08:01 928486                     /usr/lib/jvm/java-8-openjdk/jre/lib/amd64/libnet.so
7f8a091c3000-7f8a091c7000 r--p 00014000 08:01 928486                     /usr/lib/jvm/java-8-openjdk/jre/lib/amd64/libnet.so
7f8a091c7000-7f8a091c8000 r--p 00017000 08:01 928486                     /usr/lib/jvm/java-8-openjdk/jre/lib/amd64/libnet.so
7f8a091c8000-7f8a091c9000 rw-p 00018000 08:01 928486                     /usr/lib/jvm/java-8-openjdk/jre/lib/amd64/libnet.so
7f8a091c9000-7f8a091cc000 ---p 00000000 00:00 0 
7f8a091cc000-7f8a092ca000 rw-p 00000000 00:00 0 
7f8a092ca000-7f8a092cb000 ---p 00000000 00:00 0 
7f8a092cb000-7f8a092ce000 ---p 00000000 00:00 0 
7f8a092ce000-7f8a093cb000 rw-p 00000000 00:00 0 
7f8a093cb000-7f8a093cc000 ---p 00000000 00:00 0 
7f8a093cc000-7f8a093cf000 ---p 00000000 00:00 0 
7f8a093cf000-7f8a094cc000 rw-p 00000000 00:00 0 
7f8a094cc000-7f8a094cd000 ---p 00000000 00:00 0 
7f8a094cd000-7f8a094d0000 ---p 00000000 00:00 0 
7f8a094d0000-7f8a095cd000 rw-p 00000000 00:00 0 
7f8a095cd000-7f8a095cf000 r--s 00001000 08:01 945648                     /opt/idea-IU-191.7141.44/lib/rt/debugger-agent-storage.jar
7f8a095d0000-7f8a095d1000 r-xp 00000000 00:00 0 
7f8a095d1000-7f8a095d8000 r--s 00066000 08:01 945649                     /opt/idea-IU-191.7141.44/lib/rt/debugger-agent.jar
7f8a095d8000-7f8a095da000 r--s 0000a000 08:01 946372                     /opt/idea-IU-191.7141.44/plugins/Groovy/lib/agent/gragent.jar
7f8a095da000-7f8a095dc000 r--s 0001b000 08:01 945335                     /opt/idea-IU-191.7141.44/lib/idea_rt.jar
7f8a095dc000-7f8a095e2000 r--s 00052000 08:01 2110221                    /home/boris/.gradle/caches/modules-2/files-2.1/com.github.jnr/jnr-constants/0.9.9/33f23994e09aeb49880aa01e12e8e9eff058c14c/jnr-constants-0.9.9.jar
7f8a095e2000-7f8a095e5000 r--s 00033000 08:01 2110219                    /home/boris/.gradle/caches/modules-2/files-2.1/com.github.jnr/jnr-x86asm/1.0.2/6936bbd6c5b235665d87bd450f5e13b52d4b48/jnr-x86asm-1.0.2.jar
7f8a095e5000-7f8a095e6000 r--s 0000c000 08:01 2110217                    /home/boris/.gradle/caches/modules-2/files-2.1/org.ow2.asm/asm/5.0.3/dcc2193db20e19e1feca8b1240dbbc4e190824fa/asm-5.0.3.jar
7f8a095e6000-7f8a095e8000 r--s 00006000 08:01 2110211                    /home/boris/.gradle/caches/modules-2/files-2.1/org.ow2.asm/asm-tree/5.0.3/287749b48ba7162fb67c93a026d690b29f410bed/asm-tree-5.0.3.jar
7f8a095e8000-7f8a095ea000 r--s 000a1000 08:01 2110259                    /home/boris/.gradle/caches/modules-2/files-2.1/com.github.jnr/jffi/1.2.16/3c1f0edf2df2c6e0419d60d0baa59659211624cb/jffi-1.2.16-native.jar
7f8a095ea000-7f8a095eb000 r--s 0000a000 08:01 2110213                    /home/boris/.gradle/caches/modules-2/files-2.1/org.ow2.asm/asm-util/5.0.3/1512e5571325854b05fb1efce1db75fcced54389/asm-util-5.0.3.jar
7f8a095eb000-7f8a095ec000 r--s 00004000 08:01 2110215                    /home/boris/.gradle/caches/modules-2/files-2.1/org.ow2.asm/asm-analysis/5.0.3/c7126aded0e8e13fed5f913559a0dd7b770a10f3/asm-analysis-5.0.3.jar
7f8a095ec000-7f8a095ee000 r--s 00009000 08:01 2110209                    /home/boris/.gradle/caches/modules-2/files-2.1/org.ow2.asm/asm-commons/5.0.3/a7111830132c7f87d08fe48cb0ca07630f8cb91c/asm-commons-5.0.3.jar
7f8a095ee000-7f8a095f1000 r--s 00022000 08:01 2110205                    /home/boris/.gradle/caches/modules-2/files-2.1/com.github.jnr/jffi/1.2.16/5c1149dfcc9a16f85c8d9b8797f03806667cb9f1/jffi-1.2.16.jar
7f8a095f1000-7f8a095f7000 r--s 0003c000 08:01 830565                     /home/boris/.gradle/caches/modules-2/files-2.1/org.apache.logging.log4j/log4j-api/2.11.2/f5e9a2ffca496057d6891a3de65128efc636e26e/log4j-api-2.11.2.jar
7f8a095f7000-7f8a09602000 r--s 00069000 08:01 830563                     /home/boris/.gradle/caches/modules-2/files-2.1/ch.qos.logback/logback-core/1.2.3/864344400c3d4d92dfeb0a305dc87d953677c03c/logback-core-1.2.3.jar
7f8a09602000-7f8a09604000 r--s 00001000 08:01 949584                     /home/boris/.gradle/caches/modules-2/files-2.1/com.google.j2objc/j2objc-annotations/1.1/ed28ded51a8b1c6b112568def5f4b455e6809019/j2objc-annotations-1.1.jar
7f8a09604000-7f8a09605000 r--s 00001000 08:01 2111202                    /home/boris/.gradle/caches/modules-2/files-2.1/org.checkerframework/checker-compat-qual/2.5.2/dc0b20906c9e4b9724af29d11604efa574066892/checker-compat-qual-2.5.2.jar
7f8a09605000-7f8a09606000 r--s 00000000 08:01 951959                     /home/boris/.gradle/caches/modules-2/files-2.1/org.codehaus.mojo/animal-sniffer-annotations/1.17/f97ce6decaea32b36101e37979f8b647f00681fb/animal-sniffer-annotations-1.17.jar
7f8a09606000-7f8a09608000 r--s 00003000 08:01 949578                     /home/boris/.gradle/caches/modules-2/files-2.1/com.google.code.findbugs/jsr305/3.0.2/25ea2e8b0c338a877313bd4672d3fe056ea78f0d/jsr305-3.0.2.jar
7f8a09608000-7f8a0960a000 r--s 00006000 08:01 2361943                    /home/boris/.gradle/caches/modules-2/files-2.1/io.grpc/grpc-context/1.21.0/ebe55e07eda31ebc4c0c3228abef3435fa98d516/grpc-context-1.21.0.jar
7f8a0960a000-7f8a0960e000 r--s 0004c000 08:01 830561                     /home/boris/.gradle/caches/modules-2/files-2.1/com.fasterxml.jackson.core/jackson-core/2.9.8/f5a654e4675769c716e5b387830d19b501ca191/jackson-core-2.9.8.jar
7f8a0960e000-7f8a09611000 r--s 0000e000 08:01 830559                     /home/boris/.gradle/caches/modules-2/files-2.1/com.fasterxml.jackson.core/jackson-annotations/2.9.0/7c10d545325e3a6e72e06381afe469fd40eb701/jackson-annotations-2.9.0.jar
7f8a09611000-7f8a09622000 r--s 00096000 08:01 2110195                    /home/boris/.gradle/caches/modules-2/files-2.1/com.github.jnr/jnr-ffi/2.1.7/31a7391a212069303935a1df29566b7372d3ef9f/jnr-ffi-2.1.7.jar
7f8a09622000-7f8a09627000 r--s 00036000 08:01 2110193                    /home/boris/.gradle/caches/modules-2/files-2.1/com.github.jnr/jnr-posix/3.0.44/1f8e4551454e613c04f6d4045ed9d5b98e21980f/jnr-posix-3.0.44.jar
7f8a09627000-7f8a09628000 r--s 00005000 08:01 675906                     /home/boris/.gradle/caches/modules-2/files-2.1/org.springframework/spring-jcl/5.1.5.RELEASE/5cbd44d11a031c64c788edf1f99706b31c434469/spring-jcl-5.1.5.RELEASE.jar
7f8a09628000-7f8a0962a000 r--s 00002000 08:01 2111204                    /home/boris/.gradle/caches/modules-2/files-2.1/com.google.errorprone/error_prone_annotations/2.3.2/d1a0c5032570e0f64be6b4d9c90cdeb103129029/error_prone_annotations-2.3.2.jar
7f8a0962a000-7f8a09636000 r--s 0011a000 08:01 2362039                    /home/boris/.gradle/caches/modules-2/files-2.1/com.google.api.grpc/proto-google-common-protos/1.12.0/1140cc74df039deb044ed0e320035e674dc13062/proto-google-common-protos-1.12.0.jar
7f8a09636000-7f8a09666000 r--s 0024b000 08:01 2111206                    /home/boris/.gradle/caches/modules-2/files-2.1/com.google.guava/guava/26.0-android/ef69663836b339db335fde0df06fb3cd84e3742b/guava-26.0-android.jar
7f8a09666000-7f8a09675000 r--s 0014d000 08:01 1720274                    /home/boris/.gradle/caches/modules-2/files-2.1/com.google.protobuf/protobuf-java/3.7.1/bce1b6dc9e4531169542ab37a1c8641bcaa8afb/protobuf-java-3.7.1.jar
7f8a09675000-7f8a09682000 r--s 00083000 08:01 678087                     /home/boris/.gradle/caches/modules-2/files-2.1/io.netty/netty-common/4.1.33.Final/398b725cbaca8c691b74759ae6c3d69b8eeb0574/netty-common-4.1.33.Final.jar
7f8a09682000-7f8a09684000 r--s 00007000 08:01 678086                     /home/boris/.gradle/caches/modules-2/files-2.1/io.netty/netty-resolver/4.1.33.Final/f3873f5ed509b5c169fb7cbaf34b694d8c748926/netty-resolver-4.1.33.Final.jar
7f8a09684000-7f8a09688000 r--s 00041000 08:01 678085                     /home/boris/.gradle/caches/modules-2/files-2.1/io.netty/netty-buffer/4.1.33.Final/d4fdb13d5832a0f348e4d855c71201a2b15d560/netty-buffer-4.1.33.Final.jar
7f8a09688000-7f8a09692000 r--s 00068000 08:01 678084                     /home/boris/.gradle/caches/modules-2/files-2.1/io.netty/netty-transport/4.1.33.Final/b9f9af72dfcd8464c16169670d52c6dc5fe65897/netty-transport-4.1.33.Final.jar
7f8a09692000-7f8a09698000 r--s 00048000 08:01 678082                     /home/boris/.gradle/caches/modules-2/files-2.1/io.netty/netty-codec/4.1.33.Final/600762bf6861fa62b061782debb6fcdeff1f1984/netty-codec-4.1.33.Final.jar
7f8a09698000-7f8a0969c000 r--s 0001a000 08:01 678081                     /home/boris/.gradle/caches/modules-2/files-2.1/io.netty/netty-codec-socks/4.1.33.Final/8873faf9308db9f5339c00803980cd0877bc624/netty-codec-socks-4.1.33.Final.jar
7f8a0969c000-7f8a096a6000 r--s 00080000 08:01 678077                     /home/boris/.gradle/caches/modules-2/files-2.1/io.netty/netty-codec-http/4.1.33.Final/ad557dffc0777b1b24558d6c57b77b0198dbb58d/netty-codec-http-4.1.33.Final.jar
7f8a096a6000-7f8a096ae000 r--s 0005f000 08:01 678078                     /home/boris/.gradle/caches/modules-2/files-2.1/io.netty/netty-handler/4.1.33.Final/3bcc2db64f7b0ebacba552aff319b41962c2df96/netty-handler-4.1.33.Final.jar
7f8a096ae000-7f8a096af000 r--s 00000000 08:01 2361732                    /home/boris/.gradle/caches/modules-2/files-2.1/com.google.android/annotations/4.1.1.4/a1678ba907bf92691d879fef34e1a187038f9259/annotations-4.1.1.4.jar
7f8a096af000-7f8a096b4000 r--s 00036000 08:01 1448524                    /home/boris/.gradle/caches/modules-2/files-2.1/com.google.code.gson/gson/2.8.5/f645ed69d595b24d4cf8b3fbb64cc505bede8829/gson-2.8.5.jar
7f8a096b4000-7f8a096b9000 r--s 0002f000 08:01 2361947                    /home/boris/.gradle/caches/modules-2/files-2.1/io.grpc/grpc-api/1.21.0/e52aece5a530c5a64872c6ee1ee7c9e8bf30aed5/grpc-api-1.21.0.jar
7f8a096b9000-7f8a096ba000 r--s 00001000 08:01 2362037                    /home/boris/.gradle/caches/modules-2/files-2.1/io.grpc/grpc-protobuf-lite/1.21.0/ba70013e391188c6d6788272b30f6a82671b6f68/grpc-protobuf-lite-1.21.0.jar
7f8a096ba000-7f8a096c4000 r--s 0004c000 08:01 2361736                    /home/boris/.gradle/caches/modules-2/files-2.1/io.opencensus/opencensus-api/0.21.0/73c07fe6458840443f670b21c7bf57657093b4e1/opencensus-api-0.21.0.jar
7f8a096c4000-7f8a096c5000 r--s 00003000 08:01 2361725                    /home/boris/.gradle/caches/modules-2/files-2.1/io.opencensus/opencensus-contrib-grpc-metrics/0.21.0/f07d3a325f1fe69ee40d6b409086964edfef4e69/opencensus-contrib-grpc-metrics-0.21.0.jar
7f8a096c5000-7f8a096c7000 r--s 0000f000 08:01 672635                     /home/boris/.gradle/caches/modules-2/files-2.1/com.fasterxml/classmate/1.4.0/291658ac2ce2476256c7115943652c0accb5c857/classmate-1.4.0.jar
7f8a096c7000-7f8a096c9000 r--s 0000f000 08:01 830517                     /home/boris/.gradle/caches/modules-2/files-2.1/org.jboss.logging/jboss-logging/3.3.2.Final/3789d00e859632e6c6206adc0c71625559e6e3b0/jboss-logging-3.3.2.Final.jar
7f8a096c9000-7f8a096ce000 r--s 00012000 08:01 830537                     /home/boris/.gradle/caches/modules-2/files-2.1/javax.validation/validation-api/2.0.1.Final/cb855558e6271b1b32e716d24cb85c7f583ce09e/validation-api-2.0.1.Final.jar
7f8a096ce000-7f8a096d3000 r--s 00039000 08:01 836427                     /home/boris/.gradle/caches/modules-2/files-2.1/org.apache.tomcat.embed/tomcat-embed-el/9.0.16/baadc5c97260023078f521cfc0085797f7dde91b/tomcat-embed-el-9.0.16.jar
7f8a096d3000-7f8a096fd000 r--s 002f9000 08:01 836425                     /home/boris/.gradle/caches/modules-2/files-2.1/org.apache.tomcat.embed/tomcat-embed-core/9.0.16/d7069e3d0f760035b26b68b7b6af5eaa0c1862f/tomcat-embed-core-9.0.16.jar
7f8a096fd000-7f8a09702000 r--s 0003c000 08:01 836423                     /home/boris/.gradle/caches/modules-2/files-2.1/org.apache.tomcat.embed/tomcat-embed-websocket/9.0.16/f5eac487823c68f5d20742a99df1d94350c24d21/tomcat-embed-websocket-9.0.16.jar
7f8a09702000-7f8a09714000 r--s 00137000 08:01 830545                     /home/boris/.gradle/caches/modules-2/files-2.1/com.fasterxml.jackson.core/jackson-databind/2.9.8/11283f21cc480aa86c4df7a0a3243ec508372ed2/jackson-databind-2.9.8.jar
7f8a09714000-7f8a09716000 r--s 00001000 08:01 830543                     /home/boris/.gradle/caches/modules-2/files-2.1/com.fasterxml.jackson.module/jackson-module-parameter-names/2.9.8/c4eef0e6e20d60fb27af4bc4770dba7bcc3f6de6/jackson-module-parameter-names-2.9.8.jar
7f8a09716000-7f8a09719000 r--s 00016000 08:01 830541                     /home/boris/.gradle/caches/modules-2/files-2.1/com.fasterxml.jackson.datatype/jackson-datatype-jsr310/2.9.8/28ad1bced632ba338e51c825a652f6e11a8e6eac/jackson-datatype-jsr310-2.9.8.jar
7f8a09719000-7f8a0971b000 r--s 00007000 08:01 830539                     /home/boris/.gradle/caches/modules-2/files-2.1/com.fasterxml.jackson.datatype/jackson-datatype-jdk8/2.9.8/bcd02aa9195390e23747ed40bf76be869ad3a2fb/jackson-datatype-jdk8-2.9.8.jar
7f8a0971b000-7f8a0971d000 r--s 00009000 08:01 836191                     /home/boris/.gradle/caches/modules-2/files-2.1/org.slf4j/slf4j-api/1.7.25/da76ca59f6a57ee3102f8f9bd9cee742973efa8a/slf4j-api-1.7.25.jar
7f8a0971d000-7f8a09720000 r--s 00015000 08:01 2110187                    /home/boris/.gradle/caches/modules-2/files-2.1/io.dropwizard.metrics/metrics-core/4.0.5/b81ef162970cdb9f4512ee2da09715a856ff4c4c/metrics-core-4.0.5.jar
7f8a09720000-7f8a09722000 r--s 00000000 08:01 836401                     /home/boris/.gradle/caches/modules-2/files-2.1/org.slf4j/jul-to-slf4j/1.7.25/af5364cd6679bfffb114f0dec8a157aaa283b76/jul-to-slf4j-1.7.25.jar
7f8a09722000-7f8a09724000 r--s 00003000 08:01 672637                     /home/boris/.gradle/caches/modules-2/files-2.1/org.apache.logging.log4j/log4j-to-slf4j/2.11.2/6d37bf7b046c0ce2669f26b99365a2cfa45c4c18/log4j-to-slf4j-2.11.2.jar
7f8a09724000-7f8a0972b000 r--s 00043000 08:01 26149                      /home/boris/.gradle/caches/modules-2/files-2.1/org.yaml/snakeyaml/1.23/ec62d74fe50689c28c0ff5b35d3aebcaa8b5be68/snakeyaml-1.23.jar
7f8a0972b000-7f8a09731000 r--s 00041000 08:01 830531                     /home/boris/.gradle/caches/modules-2/files-2.1/ch.qos.logback/logback-classic/1.2.3/7c4f3c474fb2c041d8028740440937705ebb473a/logback-classic-1.2.3.jar
7f8a09731000-7f8a09744000 r--s 00102000 08:01 2110197                    /home/boris/.gradle/caches/modules-2/files-2.1/com.datastax.cassandra/cassandra-driver-core/3.6.0/1d689ae757862f7c497dd6b186793d1bf921fd28/cassandra-driver-core-3.6.0.jar
7f8a09744000-7f8a0975d000 r--s 00123000 08:01 675890                     /home/boris/.gradle/caches/modules-2/files-2.1/org.springframework/spring-core/5.1.5.RELEASE/aacc4555108f3da913a58114b2aebc819f58cce4/spring-core-5.1.5.RELEASE.jar
7f8a0975d000-7f8a09762000 r--s 00040000 08:01 836419                     /home/boris/.gradle/caches/modules-2/files-2.1/org.springframework/spring-expression/5.1.5.RELEASE/b728a06924560ee69307a52d100e6b156d9a4a80/spring-expression-5.1.5.RELEASE.jar
7f8a09762000-7f8a0976f000 r--s 00098000 08:01 836417                     /home/boris/.gradle/caches/modules-2/files-2.1/org.springframework/spring-beans/5.1.5.RELEASE/58b10c61f6bf2362909d884813c4049b657735f5/spring-beans-5.1.5.RELEASE.jar
7f8a0976f000-7f8a09779000 r--s 00051000 08:01 676038                     /home/boris/.gradle/caches/modules-2/files-2.1/org.springframework/spring-aop/5.1.5.RELEASE/5e6ab23bc14369b0e29881afd85ad13b79846a0e/spring-aop-5.1.5.RELEASE.jar
7f8a09779000-7f8a09791000 r--s 00105000 08:01 676030                     /home/boris/.gradle/caches/modules-2/files-2.1/org.springframework.data/spring-data-commons/2.1.5.RELEASE/851578f7a47dc3ec6dce071c2688ab3987439142/spring-data-commons-2.1.5.RELEASE.jar
7f8a09791000-7f8a097ab000 r--s 000f3000 08:01 836409                     /home/boris/.gradle/caches/modules-2/files-2.1/org.springframework/spring-context/5.1.5.RELEASE/d39299241a2c8353d83f0f0c84d3677973da7c57/spring-context-5.1.5.RELEASE.jar
7f8a097ab000-7f8a097ad000 r--s 00005000 08:01 830499                     /home/boris/.gradle/caches/modules-2/files-2.1/javax.annotation/javax.annotation-api/1.3.2/934c04d3cfef185a8008e7bf34331b79730a9d43/javax.annotation-api-1.3.2.jar
7f8a097ad000-7f8a097ae000 r--s 00000000 08:01 1314278                    /home/boris/.gradle/caches/modules-2/files-2.1/org.springframework.boot/spring-boot-starter-logging/2.1.3.RELEASE/3ae3b090dfd65caa44e7fd12e433b68b48c24c99/spring-boot-starter-logging-2.1.3.RELEASE.jar
7f8a097ae000-7f8a097c3000 r--s 000d3000 08:01 836405                     /home/boris/.gradle/caches/modules-2/files-2.1/org.springframework.boot/spring-boot/2.1.3.RELEASE/92bb92cd73212cefc1e5112e3bbf1f31c154c3fd/spring-boot-2.1.3.RELEASE.jar
7f8a097c3000-7f8a097e7000 r--s 00110000 08:01 836403                     /home/boris/.gradle/caches/modules-2/files-2.1/org.springframework.boot/spring-boot-autoconfigure/2.1.3.RELEASE/58e07f69638a3ca13dffe8a2b68d284af376d105/spring-boot-autoconfigure-2.1.3.RELEASE.jar
7f8a097e7000-7f8a097e9000 r--s 00010000 08:01 2361723                    /home/boris/.gradle/caches/modules-2/files-2.1/com.google.protobuf/protobuf-java-util/3.7.1/45dc95896cfad26397675fdabef7b032d6db4bb6/protobuf-java-util-3.7.1.jar
7f8a097e9000-7f8a097eb000 r--s 00008000 08:01 2361945                    /home/boris/.gradle/caches/modules-2/files-2.1/io.grpc/grpc-stub/1.21.0/b4bfac72f48316b54a4dd092d4fa89a4dddb923e/grpc-stub-1.21.0.jar
7f8a097eb000-7f8a097ec000 r--s 00001000 08:01 2362035                    /home/boris/.gradle/caches/modules-2/files-2.1/io.grpc/grpc-protobuf/1.21.0/ac92a46921f9bf922e76b46e5731eaf312545acb/grpc-protobuf-1.21.0.jar
7f8a097ec000-7f8a097f4000 r--s 0005c000 08:01 678075                     /home/boris/.gradle/caches/modules-2/files-2.1/io.netty/netty-codec-http2/4.1.33.Final/4bf1ea831ccfd84aea5cf2e292ec9d0beaa1b2b/netty-codec-http2-4.1.33.Final.jar
7f8a097f4000-7f8a09810000 r--s 00136000 08:01 836389                     /home/boris/.gradle/caches/modules-2/files-2.1/org.springframework/spring-web/5.1.5.RELEASE/c37c4363be4ad6c5f67e3f9f020497e2d599e325/spring-web-5.1.5.RELEASE.jar
7f8a09810000-7f8a0981f000 r--s 000b5000 08:01 836387                     /home/boris/.gradle/caches/modules-2/files-2.1/org.springframework/spring-webmvc/5.1.5.RELEASE/236e3bfdbdc6c86629237a74f0f11414adb4e211/spring-webmvc-5.1.5.RELEASE.jar
7f8a0981f000-7f8a0983c000 r--s 000fe000 08:01 836383                     /home/boris/.gradle/caches/modules-2/files-2.1/org.hibernate.validator/hibernate-validator/6.0.14.Final/c424524aa7718c564d9199ac5892b05901cabae6/hibernate-validator-6.0.14.Final.jar
7f8a0983c000-7f8a09894000 r--s 004df000 08:01 1187746                    /home/boris/.gradle/caches/modules-2/files-2.1/org.codehaus.groovy/groovy/2.5.6/6936e700f0fb1b50bac0698ada4347a769d40199/groovy-2.5.6.jar
7f8a09894000-7f8a09897000 ---p 00000000 00:00 0 
7f8a09897000-7f8a09995000 rw-p 00000000 00:00 0 
7f8a09995000-7f8a09998000 ---p 00000000 00:00 0 
7f8a09998000-7f8a09a96000 rw-p 00000000 00:00 0 
7f8a09a96000-7f8a09a99000 ---p 00000000 00:00 0 
7f8a09a99000-7f8a09b97000 rw-p 00000000 00:00 0 
7f8a09b97000-7f8a09b9a000 ---p 00000000 00:00 0 
7f8a09b9a000-7f8a09c98000 rw-p 00000000 00:00 0 
7f8a09c98000-7f8a09c9b000 ---p 00000000 00:00 0 
7f8a09c9b000-7f8a09d99000 rw-p 00000000 00:00 0 
7f8a09d99000-7f8a09d9c000 ---p 00000000 00:00 0 
7f8a09d9c000-7f8a09e9a000 rw-p 00000000 00:00 0 
7f8a09e9a000-7f8a09e9b000 ---p 00000000 00:00 0 
7f8a09e9b000-7f8a0aef8000 rw-p 00000000 00:00 0 
7f8a0aef8000-7f8a0b0c7000 r--s 03c3b000 08:01 934669                     /usr/lib/jvm/java-8-openjdk/jre/lib/rt.jar
7f8a0b0c7000-7f8a108dc000 rw-p 00000000 00:00 0 
7f8a108dc000-7f8a108dd000 ---p 00000000 00:00 0 
7f8a108dd000-7f8a109dd000 rw-p 00000000 00:00 0 
7f8a109dd000-7f8a109de000 ---p 00000000 00:00 0 
7f8a109de000-7f8a10ade000 rw-p 00000000 00:00 0 
7f8a10ade000-7f8a10adf000 ---p 00000000 00:00 0 
7f8a10adf000-7f8a10bdf000 rw-p 00000000 00:00 0 
7f8a10bdf000-7f8a10be0000 ---p 00000000 00:00 0 
7f8a10be0000-7f8a10d19000 rw-p 00000000 00:00 0 
7f8a10d19000-7f8a11000000 ---p 00000000 00:00 0 
7f8a11000000-7f8a11c80000 rwxp 00000000 00:00 0 
7f8a11c80000-7f8a20000000 ---p 00000000 00:00 0 
7f8a20000000-7f8a2164c000 rw-p 00000000 00:00 0 
7f8a2164c000-7f8a24000000 ---p 00000000 00:00 0 
7f8a24000000-7f8a24002000 r--s 00004000 08:01 678076                     /home/boris/.gradle/caches/modules-2/files-2.1/io.netty/netty-handler-proxy/4.1.33.Final/cedc10ed27d75b190b9fd0ec865e0cee7d186f31/netty-handler-proxy-4.1.33.Final.jar
7f8a24002000-7f8a2400e000 r--s 00085000 08:01 2361734                    /home/boris/.gradle/caches/modules-2/files-2.1/io.grpc/grpc-core/1.21.0/578244433f69fbd2a8b5183c528088cc269c9417/grpc-core-1.21.0.jar
7f8a2400e000-7f8a2400f000 r--s 00000000 08:01 836381                     /home/boris/.gradle/caches/modules-2/files-2.1/org.springframework.boot/spring-boot-starter-tomcat/2.1.3.RELEASE/653f835a6da031622636379dca873be106aeddb4/spring-boot-starter-tomcat-2.1.3.RELEASE.jar
7f8a2400f000-7f8a24017000 r--s 00037000 08:01 836415                     /home/boris/.gradle/caches/modules-2/files-2.1/org.springframework/spring-tx/5.1.5.RELEASE/c2d39bf1f87a7b9f74a199b3aa37ffc8be84b918/spring-tx-5.1.5.RELEASE.jar
7f8a24017000-7f8a2402c000 r--s 000be000 08:01 2111194                    /home/boris/.gradle/caches/modules-2/files-2.1/org.springframework.data/spring-data-cassandra/2.1.5.RELEASE/d7eb452b2dab26facf3229d38bc389b1309702f3/spring-data-cassandra-2.1.5.RELEASE.jar
7f8a2402c000-7f8a2402d000 r--s 00000000 08:01 676022                     /home/boris/.gradle/caches/modules-2/files-2.1/org.springframework.boot/spring-boot-starter/2.1.3.RELEASE/bf73ada346b2956cbd10067830ac58aa55c46176/spring-boot-starter-2.1.3.RELEASE.jar
7f8a2402d000-7f8a24036000 r--s 000c0000 08:01 2361738                    /home/boris/.gradle/caches/modules-2/files-2.1/io.grpc/grpc-services/1.21.0/61933618c4cfbf34b6fea275fc39d1c48c217e31/grpc-services-1.21.0.jar
7f8a24036000-7f8a2404d000 r--s 0018d000 08:01 676016                     /home/boris/.gradle/caches/modules-2/files-2.1/org.projectlombok/lombok/1.18.6/616105b0831250a2e443447508e6a8b26bc466fb/lombok-1.18.6.jar
7f8a2404d000-7f8a24110000 rw-p 00000000 00:00 0 
7f8a24110000-7f8a243f6000 ---p 00000000 00:00 0 
7f8a243f6000-7f8a244e9000 rw-p 00000000 00:00 0 
7f8a244e9000-7f8a24586000 ---p 00000000 00:00 0 
7f8a24586000-7f8a245b9000 rw-p 00000000 00:00 0 
7f8a245b9000-7f8a24947000 ---p 00000000 00:00 0 
7f8a24947000-7f8a2494a000 r--p 00000000 08:01 542254                     /usr/lib/libnss_files-2.29.so
7f8a2494a000-7f8a24951000 r-xp 00003000 08:01 542254                     /usr/lib/libnss_files-2.29.so
7f8a24951000-7f8a24954000 r--p 0000a000 08:01 542254                     /usr/lib/libnss_files-2.29.so
7f8a24954000-7f8a24955000 r--p 0000c000 08:01 542254                     /usr/lib/libnss_files-2.29.so
7f8a24955000-7f8a24956000 rw-p 0000d000 08:01 542254                     /usr/lib/libnss_files-2.29.so
7f8a24956000-7f8a2495c000 rw-p 00000000 00:00 0 
7f8a2495c000-7f8a2495d000 r--s 00000000 08:01 836377                     /home/boris/.gradle/caches/modules-2/files-2.1/org.springframework.boot/spring-boot-starter-json/2.1.3.RELEASE/374c3de160f59ee2de2f78f2285ecc9b593caa71/spring-boot-starter-json-2.1.3.RELEASE.jar
7f8a2495d000-7f8a24962000 r--s 00034000 08:01 2361728                    /home/boris/.gradle/caches/modules-2/files-2.1/io.grpc/grpc-netty/1.21.0/89860da0ffb11d75cfbbaca735abd6fc9699058/grpc-netty-1.21.0.jar
7f8a24962000-7f8a24963000 r--s 00000000 08:01 676006                     /home/boris/.gradle/caches/modules-2/files-2.1/org.springframework.boot/spring-boot-starter-web/2.1.3.RELEASE/e65a0538c3075a0910e7273a9dbedb189761b1ae/spring-boot-starter-web-2.1.3.RELEASE.jar
7f8a24963000-7f8a24964000 r--s 00000000 08:01 1720256                    /home/boris/.gradle/caches/modules-2/files-2.1/org.springframework.boot/spring-boot-starter-data-cassandra/2.1.3.RELEASE/6daf1b0ae1f8c3cc4fc579cb9afc4752b133ae79/spring-boot-starter-data-cassandra-2.1.3.RELEASE.jar
7f8a24964000-7f8a24965000 r--s 00003000 08:01 2361720                    /home/boris/.gradle/caches/modules-2/files-2.1/io.github.lognet/grpc-spring-boot-starter/3.3.0/471b6b87920a0e0c65e5eb1dce95a4386ec1598d/grpc-spring-boot-starter-3.3.0.jar
7f8a24965000-7f8a24978000 r--s 00346000 08:01 934668                     /usr/lib/jvm/java-8-openjdk/jre/lib/resources.jar
7f8a24978000-7f8a24979000 r--s 00000000 08:01 928545                     /usr/lib/jvm/java-8-openjdk/jre/lib/management-agent.jar
7f8a24979000-7f8a2497d000 r--s 000a1000 08:01 928542                     /usr/lib/jvm/java-8-openjdk/jre/lib/jsse.jar
7f8a2497d000-7f8a2497f000 r--s 00016000 08:01 928540                     /usr/lib/jvm/java-8-openjdk/jre/lib/jce.jar
7f8a2497f000-7f8a24984000 r--s 002f9000 08:01 928500                     /usr/lib/jvm/java-8-openjdk/jre/lib/charsets.jar
7f8a24984000-7f8a24987000 r--p 00000000 08:01 928495                     /usr/lib/jvm/java-8-openjdk/jre/lib/amd64/libzip.so
7f8a24987000-7f8a2498b000 r-xp 00003000 08:01 928495                     /usr/lib/jvm/java-8-openjdk/jre/lib/amd64/libzip.so
7f8a2498b000-7f8a2498d000 r--p 00007000 08:01 928495                     /usr/lib/jvm/java-8-openjdk/jre/lib/amd64/libzip.so
7f8a2498d000-7f8a2498e000 r--p 00008000 08:01 928495                     /usr/lib/jvm/java-8-openjdk/jre/lib/amd64/libzip.so
7f8a2498e000-7f8a2498f000 rw-p 00009000 08:01 928495                     /usr/lib/jvm/java-8-openjdk/jre/lib/amd64/libzip.so
7f8a2498f000-7f8a24c75000 r--p 00000000 08:01 543621                     /usr/lib/locale/locale-archive
7f8a24c75000-7f8a24c77000 r--p 00000000 08:01 928473                     /usr/lib/jvm/java-8-openjdk/jre/lib/amd64/libjdwp.so
7f8a24c77000-7f8a24ca3000 r-xp 00002000 08:01 928473                     /usr/lib/jvm/java-8-openjdk/jre/lib/amd64/libjdwp.so
7f8a24ca3000-7f8a24cb1000 r--p 0002e000 08:01 928473                     /usr/lib/jvm/java-8-openjdk/jre/lib/amd64/libjdwp.so
7f8a24cb1000-7f8a24cb2000 r--p 0003b000 08:01 928473                     /usr/lib/jvm/java-8-openjdk/jre/lib/amd64/libjdwp.so
7f8a24cb2000-7f8a24cb3000 rw-p 0003c000 08:01 928473                     /usr/lib/jvm/java-8-openjdk/jre/lib/amd64/libjdwp.so
7f8a24cb3000-7f8a24cc0000 r--p 00000000 08:01 928470                     /usr/lib/jvm/java-8-openjdk/jre/lib/amd64/libjava.so
7f8a24cc0000-7f8a24cd8000 r-xp 0000d000 08:01 928470                     /usr/lib/jvm/java-8-openjdk/jre/lib/amd64/libjava.so
7f8a24cd8000-7f8a24cdf000 r--p 00025000 08:01 928470                     /usr/lib/jvm/java-8-openjdk/jre/lib/amd64/libjava.so
7f8a24cdf000-7f8a24ce0000 ---p 0002c000 08:01 928470                     /usr/lib/jvm/java-8-openjdk/jre/lib/amd64/libjava.so
7f8a24ce0000-7f8a24ce1000 r--p 0002c000 08:01 928470                     /usr/lib/jvm/java-8-openjdk/jre/lib/amd64/libjava.so
7f8a24ce1000-7f8a24ce2000 rw-p 0002d000 08:01 928470                     /usr/lib/jvm/java-8-openjdk/jre/lib/amd64/libjava.so
7f8a24ce2000-7f8a24ce3000 rw-p 00000000 00:00 0 
7f8a24ce3000-7f8a24ce5000 r--p 00000000 08:01 543608                     /usr/lib/librt-2.29.so
7f8a24ce5000-7f8a24ce9000 r-xp 00002000 08:01 543608                     /usr/lib/librt-2.29.so
7f8a24ce9000-7f8a24ceb000 r--p 00006000 08:01 543608                     /usr/lib/librt-2.29.so
7f8a24ceb000-7f8a24cec000 r--p 00007000 08:01 543608                     /usr/lib/librt-2.29.so
7f8a24cec000-7f8a24ced000 rw-p 00008000 08:01 543608                     /usr/lib/librt-2.29.so
7f8a24ced000-7f8a24cee000 ---p 00000000 00:00 0 
7f8a24cee000-7f8a24cf1000 ---p 00000000 00:00 0 
7f8a24cf1000-7f8a24dee000 rw-p 00000000 00:00 0 
7f8a24dee000-7f8a24dfb000 r--p 00000000 08:01 533283                     /usr/lib/libm-2.29.so
7f8a24dfb000-7f8a24e97000 r-xp 0000d000 08:01 533283                     /usr/lib/libm-2.29.so
7f8a24e97000-7f8a24f32000 r--p 000a9000 08:01 533283                     /usr/lib/libm-2.29.so
7f8a24f32000-7f8a24f33000 r--p 00143000 08:01 533283                     /usr/lib/libm-2.29.so
7f8a24f33000-7f8a24f34000 rw-p 00144000 08:01 533283                     /usr/lib/libm-2.29.so
7f8a24f34000-7f8a25125000 r--p 00000000 08:01 928498                     /usr/lib/jvm/java-8-openjdk/jre/lib/amd64/server/libjvm.so
7f8a25125000-7f8a2599d000 r-xp 001f1000 08:01 928498                     /usr/lib/jvm/java-8-openjdk/jre/lib/amd64/server/libjvm.so
7f8a2599d000-7f8a25b3c000 r--p 00a69000 08:01 928498                     /usr/lib/jvm/java-8-openjdk/jre/lib/amd64/server/libjvm.so
7f8a25b3c000-7f8a25b3d000 ---p 00c08000 08:01 928498                     /usr/lib/jvm/java-8-openjdk/jre/lib/amd64/server/libjvm.so
7f8a25b3d000-7f8a25bd2000 r--p 00c08000 08:01 928498                     /usr/lib/jvm/java-8-openjdk/jre/lib/amd64/server/libjvm.so
7f8a25bd2000-7f8a25bfa000 rw-p 00c9d000 08:01 928498                     /usr/lib/jvm/java-8-openjdk/jre/lib/amd64/server/libjvm.so
7f8a25bfa000-7f8a25c2c000 rw-p 00000000 00:00 0 
7f8a25c2c000-7f8a25c32000 r--p 00000000 08:01 542261                     /usr/lib/libpthread-2.29.so
7f8a25c32000-7f8a25c41000 r-xp 00006000 08:01 542261                     /usr/lib/libpthread-2.29.so
7f8a25c41000-7f8a25c47000 r--p 00015000 08:01 542261                     /usr/lib/libpthread-2.29.so
7f8a25c47000-7f8a25c48000 r--p 0001a000 08:01 542261                     /usr/lib/libpthread-2.29.so
7f8a25c48000-7f8a25c49000 rw-p 0001b000 08:01 542261                     /usr/lib/libpthread-2.29.so
7f8a25c49000-7f8a25c4d000 rw-p 00000000 00:00 0 
7f8a25c4d000-7f8a25c4e000 r--p 00000000 08:01 533277                     /usr/lib/libdl-2.29.so
7f8a25c4e000-7f8a25c4f000 r-xp 00001000 08:01 533277                     /usr/lib/libdl-2.29.so
7f8a25c4f000-7f8a25c50000 r--p 00002000 08:01 533277                     /usr/lib/libdl-2.29.so
7f8a25c50000-7f8a25c51000 r--p 00002000 08:01 533277                     /usr/lib/libdl-2.29.so
7f8a25c51000-7f8a25c52000 rw-p 00003000 08:01 533277                     /usr/lib/libdl-2.29.so
7f8a25c52000-7f8a25c68000 r-xp 00000000 08:01 530534                     /usr/lib/libz.so.1.2.11
7f8a25c68000-7f8a25e67000 ---p 00016000 08:01 530534                     /usr/lib/libz.so.1.2.11
7f8a25e67000-7f8a25e68000 r--p 00015000 08:01 530534                     /usr/lib/libz.so.1.2.11
7f8a25e68000-7f8a25e69000 rw-p 00016000 08:01 530534                     /usr/lib/libz.so.1.2.11
7f8a25e69000-7f8a25e8b000 r--p 00000000 08:01 533268                     /usr/lib/libc-2.29.so
7f8a25e8b000-7f8a25fd7000 r-xp 00022000 08:01 533268                     /usr/lib/libc-2.29.so
7f8a25fd7000-7f8a26023000 r--p 0016e000 08:01 533268                     /usr/lib/libc-2.29.so
7f8a26023000-7f8a26024000 ---p 001ba000 08:01 533268                     /usr/lib/libc-2.29.so
7f8a26024000-7f8a26028000 r--p 001ba000 08:01 533268                     /usr/lib/libc-2.29.so
7f8a26028000-7f8a2602a000 rw-p 001be000 08:01 533268                     /usr/lib/libc-2.29.so
7f8a2602a000-7f8a2602e000 rw-p 00000000 00:00 0 
7f8a2602e000-7f8a26030000 r--p 00000000 08:01 928460                     /usr/lib/jvm/java-8-openjdk/jre/lib/amd64/libdt_socket.so
7f8a26030000-7f8a26032000 r-xp 00002000 08:01 928460                     /usr/lib/jvm/java-8-openjdk/jre/lib/amd64/libdt_socket.so
7f8a26032000-7f8a26033000 r--p 00004000 08:01 928460                     /usr/lib/jvm/java-8-openjdk/jre/lib/amd64/libdt_socket.so
7f8a26033000-7f8a26034000 r--p 00004000 08:01 928460                     /usr/lib/jvm/java-8-openjdk/jre/lib/amd64/libdt_socket.so
7f8a26034000-7f8a26035000 rw-p 00005000 08:01 928460                     /usr/lib/jvm/java-8-openjdk/jre/lib/amd64/libdt_socket.so
7f8a26035000-7f8a2603d000 rw-s 00000000 00:29 57                         /tmp/hsperfdata_boris/11788
7f8a2603d000-7f8a2603f000 r--p 00000000 08:01 928464                     /usr/lib/jvm/java-8-openjdk/jre/lib/amd64/libinstrument.so
7f8a2603f000-7f8a26045000 r-xp 00002000 08:01 928464                     /usr/lib/jvm/java-8-openjdk/jre/lib/amd64/libinstrument.so
7f8a26045000-7f8a26048000 r--p 00008000 08:01 928464                     /usr/lib/jvm/java-8-openjdk/jre/lib/amd64/libinstrument.so
7f8a26048000-7f8a26049000 r--p 0000a000 08:01 928464                     /usr/lib/jvm/java-8-openjdk/jre/lib/amd64/libinstrument.so
7f8a26049000-7f8a2604a000 rw-p 0000b000 08:01 928464                     /usr/lib/jvm/java-8-openjdk/jre/lib/amd64/libinstrument.so
7f8a2604a000-7f8a2604b000 r--p 00000000 08:01 928489                     /usr/lib/jvm/java-8-openjdk/jre/lib/amd64/libnpt.so
7f8a2604b000-7f8a2604c000 r-xp 00001000 08:01 928489                     /usr/lib/jvm/java-8-openjdk/jre/lib/amd64/libnpt.so
7f8a2604c000-7f8a2604d000 r--p 00002000 08:01 928489                     /usr/lib/jvm/java-8-openjdk/jre/lib/amd64/libnpt.so
7f8a2604d000-7f8a2604e000 r--p 00002000 08:01 928489                     /usr/lib/jvm/java-8-openjdk/jre/lib/amd64/libnpt.so
7f8a2604e000-7f8a2604f000 rw-p 00003000 08:01 928489                     /usr/lib/jvm/java-8-openjdk/jre/lib/amd64/libnpt.so
7f8a2604f000-7f8a26050000 rw-p 00000000 00:00 0 
7f8a26050000-7f8a26055000 r--p 00000000 08:01 928494                     /usr/lib/jvm/java-8-openjdk/jre/lib/amd64/libverify.so
7f8a26055000-7f8a2605c000 r-xp 00005000 08:01 928494                     /usr/lib/jvm/java-8-openjdk/jre/lib/amd64/libverify.so
7f8a2605c000-7f8a2605e000 r--p 0000c000 08:01 928494                     /usr/lib/jvm/java-8-openjdk/jre/lib/amd64/libverify.so
7f8a2605e000-7f8a26060000 r--p 0000d000 08:01 928494                     /usr/lib/jvm/java-8-openjdk/jre/lib/amd64/libverify.so
7f8a26060000-7f8a26061000 rw-p 0000f000 08:01 928494                     /usr/lib/jvm/java-8-openjdk/jre/lib/amd64/libverify.so
7f8a26061000-7f8a26064000 r--p 00000000 08:01 928228                     /usr/lib/jvm/java-8-openjdk/jre/lib/amd64/jli/libjli.so
7f8a26064000-7f8a2606d000 r-xp 00003000 08:01 928228                     /usr/lib/jvm/java-8-openjdk/jre/lib/amd64/jli/libjli.so
7f8a2606d000-7f8a26070000 r--p 0000c000 08:01 928228                     /usr/lib/jvm/java-8-openjdk/jre/lib/amd64/jli/libjli.so
7f8a26070000-7f8a26071000 r--p 0000e000 08:01 928228                     /usr/lib/jvm/java-8-openjdk/jre/lib/amd64/jli/libjli.so
7f8a26071000-7f8a26072000 rw-p 0000f000 08:01 928228                     /usr/lib/jvm/java-8-openjdk/jre/lib/amd64/jli/libjli.so
7f8a26072000-7f8a26074000 rw-p 00000000 00:00 0 
7f8a26074000-7f8a26076000 r--p 00000000 08:01 533257                     /usr/lib/ld-2.29.so
7f8a26076000-7f8a26095000 r-xp 00002000 08:01 533257                     /usr/lib/ld-2.29.so
7f8a26095000-7f8a2609d000 r--p 00021000 08:01 533257                     /usr/lib/ld-2.29.so
7f8a2609d000-7f8a2609e000 ---p 00000000 00:00 0 
7f8a2609e000-7f8a2609f000 r--p 00029000 08:01 533257                     /usr/lib/ld-2.29.so
7f8a2609f000-7f8a260a0000 rw-p 0002a000 08:01 533257                     /usr/lib/ld-2.29.so
7f8a260a0000-7f8a260a1000 rw-p 00000000 00:00 0 
7fff8f3df000-7fff8f404000 rw-p 00000000 00:00 0                          [stack]
7fff8f500000-7fff8f503000 r--p 00000000 00:00 0                          [vvar]
7fff8f503000-7fff8f505000 r-xp 00000000 00:00 0                          [vdso]

VM Arguments:
jvm_args: -agentlib:jdwp=transport=dt_socket,address=127.0.0.1:39569,suspend=y,server=n -XX:TieredStopAtLevel=1 -Xverify:none -Dspring.output.ansi.enabled=always -Dcom.sun.management.jmxremote -Dspring.jmx.enabled=true -Dspring.liveBeansView.mbeanDomain -Dspring.application.admin.enabled=true -javaagent:/opt/idea-IU-191.7141.44/plugins/Groovy/lib/agent/gragent.jar -javaagent:/opt/idea-IU-191.7141.44/lib/rt/debugger-agent.jar -Dfile.encoding=UTF-8 
java_command: mera.com.borisgk98.autoshowroom.servergroovy.ServerGroovyApplication
java_class_path (initial): /usr/lib/jvm/java-8-openjdk/jre/lib/charsets.jar:/usr/lib/jvm/java-8-openjdk/jre/lib/ext/cldrdata.jar:/usr/lib/jvm/java-8-openjdk/jre/lib/ext/dnsns.jar:/usr/lib/jvm/java-8-openjdk/jre/lib/ext/jaccess.jar:/usr/lib/jvm/java-8-openjdk/jre/lib/ext/localedata.jar:/usr/lib/jvm/java-8-openjdk/jre/lib/ext/nashorn.jar:/usr/lib/jvm/java-8-openjdk/jre/lib/ext/sunec.jar:/usr/lib/jvm/java-8-openjdk/jre/lib/ext/sunjce_provider.jar:/usr/lib/jvm/java-8-openjdk/jre/lib/ext/sunpkcs11.jar:/usr/lib/jvm/java-8-openjdk/jre/lib/ext/zipfs.jar:/usr/lib/jvm/java-8-openjdk/jre/lib/jce.jar:/usr/lib/jvm/java-8-openjdk/jre/lib/jsse.jar:/usr/lib/jvm/java-8-openjdk/jre/lib/management-agent.jar:/usr/lib/jvm/java-8-openjdk/jre/lib/resources.jar:/usr/lib/jvm/java-8-openjdk/jre/lib/rt.jar:/home/boris/progs/autoshowroom/server-groovy/out/production/classes:/home/boris/progs/autoshowroom/server-groovy/out/production/resources:/home/boris/.gradle/caches/modules-2/files-2.1/org.projectlombok/lombok/1.18.6/616105b0831250a2e443447508e6a8b26bc466fb/lombok-1.18.6.jar:/home/boris/.gradle/caches/modules-2/files-2.1/io.github.lognet/grpc-spring-boot-starter/3.3.0/471b6b87920a0e0c65e5eb1dce95a4386ec1598d/grpc-spring-boot-starter-3.3.0.jar:/home/boris/.gradle/caches/modules-2/files-2.1/org.springframework.boot/spring-boot-starter-data-cassandra/2.1.3.RELEASE/6daf1b0ae1f8c3cc4fc579cb9afc4752b133ae79/spring-boot-starter-data-cassandra-2.1.3.RELEASE.jar:/home/boris/.gradle/caches/modules-2/files-2.1/org.springframework.boot/spring-boot-starter-web/2.1.3.RELEASE/e65a0538c3075a0910e7273a9dbedb189761b1ae/spring-boot-starter-web-2.1.3.RELEASE.jar:/home/boris/.gradle/caches/modules-2/files-2.1/org.codehaus.groovy/groovy/2.5.6/6936e700f0fb1b50bac0698ada4347a769d40199/groovy-2.5.6.jar:/home/boris/.gradle/caches/modules-2/files-2.1/io.grpc/grpc-netty/1.21.0/89860da0ffb11d75cfbbaca735abd6fc9699058/grpc-netty-1.21.0.jar:/home/boris/.gradle/caches/modules-2/files-2.1/io.grpc/grpc-services/1.21.0/619
Launcher Type: SUN_STANDARD

Environment Variables:
PATH=/usr/local/bin:/usr/bin:/bin:/usr/local/sbin:/usr/lib/jvm/default/bin:/usr/bin/site_perl:/usr/bin/vendor_perl:/usr/bin/core_perl:/var/lib/snapd/snap/bin
SHELL=/bin/bash
DISPLAY=:0.0

Signal Handlers:
SIGSEGV: [libjvm.so+0xa37650], sa_mask[0]=11111111011111111101111111111110, sa_flags=SA_RESTART|SA_SIGINFO
SIGBUS: [libjvm.so+0xa37650], sa_mask[0]=11111111011111111101111111111110, sa_flags=SA_RESTART|SA_SIGINFO
SIGFPE: [libjvm.so+0x892390], sa_mask[0]=11111111011111111101111111111110, sa_flags=SA_RESTART|SA_SIGINFO
SIGPIPE: [libjvm.so+0x892390], sa_mask[0]=11111111011111111101111111111110, sa_flags=SA_RESTART|SA_SIGINFO
SIGXFSZ: [libjvm.so+0x892390], sa_mask[0]=11111111011111111101111111111110, sa_flags=SA_RESTART|SA_SIGINFO
SIGILL: [libjvm.so+0x892390], sa_mask[0]=11111111011111111101111111111110, sa_flags=SA_RESTART|SA_SIGINFO
SIGUSR1: SIG_DFL, sa_mask[0]=00000000000000000000000000000000, sa_flags=none
SIGUSR2: [libjvm.so+0x892220], sa_mask[0]=00100000000000000000000000000000, sa_flags=SA_RESTART|SA_SIGINFO
SIGHUP: [libjvm.so+0x892630], sa_mask[0]=11111111011111111101111111111110, sa_flags=SA_RESTART|SA_SIGINFO
SIGINT: [libjvm.so+0x892630], sa_mask[0]=11111111011111111101111111111110, sa_flags=SA_RESTART|SA_SIGINFO
SIGTERM: [libjvm.so+0x892630], sa_mask[0]=11111111011111111101111111111110, sa_flags=SA_RESTART|SA_SIGINFO
SIGQUIT: [libjvm.so+0x892630], sa_mask[0]=11111111011111111101111111111110, sa_flags=SA_RESTART|SA_SIGINFO


---------------  S Y S T E M  ---------------

OS:DISTRIB_ID=ManjaroLinux
DISTRIB_RELEASE=18.0.4
DISTRIB_CODENAME=Illyria
DISTRIB_DESCRIPTION="Manjaro Linux"

uname:Linux 4.19.45-1-MANJARO #1 SMP PREEMPT Wed May 22 17:16:41 UTC 2019 x86_64
libc:glibc 2.29 NPTL 2.29 
rlimit: STACK 8192k, CORE infinity, NPROC 38294, NOFILE 1048576, AS infinity
load average:0,79 0,59 0,63

/proc/meminfo:
MemTotal:        9820280 kB
MemFree:          326792 kB
MemAvailable:    2107904 kB
Buffers:          123396 kB
Cached:          2049856 kB
SwapCached:            0 kB
Active:          8208000 kB
Inactive:         976384 kB
Active(anon):    7016856 kB
Inactive(anon):   201448 kB
Active(file):    1191144 kB
Inactive(file):   774936 kB
Unevictable:          96 kB
Mlocked:              96 kB
SwapTotal:             0 kB
SwapFree:              0 kB
Dirty:              6052 kB
Writeback:             0 kB
AnonPages:       7011292 kB
Mapped:           609012 kB
Shmem:            210600 kB
Slab:             149188 kB
SReclaimable:      81020 kB
SUnreclaim:        68168 kB
KernelStack:       18480 kB
PageTables:        52756 kB
NFS_Unstable:          0 kB
Bounce:                0 kB
WritebackTmp:          0 kB
CommitLimit:     4910140 kB
Committed_AS:   15753200 kB
VmallocTotal:   34359738367 kB
VmallocUsed:           0 kB
VmallocChunk:          0 kB
Percpu:             1392 kB
HardwareCorrupted:     0 kB
AnonHugePages:         0 kB
ShmemHugePages:        0 kB
ShmemPmdMapped:        0 kB
HugePages_Total:       0
HugePages_Free:        0
HugePages_Rsvd:        0
HugePages_Surp:        0
Hugepagesize:       2048 kB
Hugetlb:               0 kB
DirectMap4k:      186304 kB
DirectMap2M:     9881600 kB

container (cgroup) information:
container_type: cgroupv1
cpu_cpuset_cpus: 0-3
cpu_memory_nodes: 0
active_processor_count: 4
cpu_quota: -1
cpu_period: 100000
cpu_shares: -1
memory_limit_in_bytes: -1
memory_and_swap_limit_in_bytes: -1
memory_soft_limit_in_bytes: -1
memory_usage_in_bytes: 7806046208
memory_max_usage_in_bytes: 8021671936


CPU:total 4 (initial active 4) (4 cores per cpu, 1 threads per core) family 6 model 158 stepping 9, cmov, cx8, fxsr, mmx, sse, sse2, sse3, ssse3, sse4.1, sse4.2, popcnt, avx, avx2, aes, clmul, 3dnowpref, lzcnt, tsc, tscinvbit

/proc/cpuinfo:
processor	: 0
vendor_id	: GenuineIntel
cpu family	: 6
model		: 158
model name	: Intel(R) Core(TM) i5-7400 CPU @ 3.00GHz
stepping	: 9
cpu MHz		: 2999.994
cache size	: 6144 KB
physical id	: 0
siblings	: 4
core id		: 0
cpu cores	: 4
apicid		: 0
initial apicid	: 0
fpu		: yes
fpu_exception	: yes
cpuid level	: 22
wp		: yes
flags		: fpu vme de pse tsc msr pae mce cx8 apic sep mtrr pge mca cmov pat pse36 clflush mmx fxsr sse sse2 ht syscall nx rdtscp lm constant_tsc rep_good nopl xtopology nonstop_tsc cpuid tsc_known_freq pni pclmulqdq ssse3 cx16 pcid sse4_1 sse4_2 x2apic movbe popcnt aes xsave avx rdrand hypervisor lahf_lm abm 3dnowprefetch invpcid_single pti fsgsbase avx2 invpcid rdseed clflushopt flush_l1d
bugs		: cpu_meltdown spectre_v1 spectre_v2 spec_store_bypass l1tf mds
bogomips	: 6002.98
clflush size	: 64
cache_alignment	: 64
address sizes	: 39 bits physical, 48 bits virtual
power management:

processor	: 1
vendor_id	: GenuineIntel
cpu family	: 6
model		: 158
model name	: Intel(R) Core(TM) i5-7400 CPU @ 3.00GHz
stepping	: 9
cpu MHz		: 2999.994
cache size	: 6144 KB
physical id	: 0
siblings	: 4
core id		: 1
cpu cores	: 4
apicid		: 1
initial apicid	: 1
fpu		: yes
fpu_exception	: yes
cpuid level	: 22
wp		: yes
flags		: fpu vme de pse tsc msr pae mce cx8 apic sep mtrr pge mca cmov pat pse36 clflush mmx fxsr sse sse2 ht syscall nx rdtscp lm constant_tsc rep_good nopl xtopology nonstop_tsc cpuid tsc_known_freq pni pclmulqdq ssse3 cx16 pcid sse4_1 sse4_2 x2apic movbe popcnt aes xsave avx rdrand hypervisor lahf_lm abm 3dnowprefetch invpcid_single pti fsgsbase avx2 invpcid rdseed clflushopt flush_l1d
bugs		: cpu_meltdown spectre_v1 spectre_v2 spec_store_bypass l1tf mds
bogomips	: 6002.98
clflush size	: 64
cache_alignment	: 64
address sizes	: 39 bits physical, 48 bits virtual
power management:

processor	: 2
vendor_id	: GenuineIntel
cpu family	: 6
model		: 158
model name	: Intel(R) Core(TM) i5-7400 CPU @ 3.00GHz
stepping	: 9
cpu MHz		: 2999.994
cache size	: 6144 KB
physical id	: 0
siblings	: 4
core id		: 2
cpu cores	: 4
apicid		: 2
initial apicid	: 2
fpu		: yes
fpu_exception	: yes
cpuid level	: 22
wp		: yes
flags		: fpu vme de pse tsc msr pae mce cx8 apic sep mtrr pge mca cmov pat pse36 clflush mmx fxsr sse sse2 ht syscall nx rdtscp lm constant_tsc rep_good nopl xtopology nonstop_tsc cpuid tsc_known_freq pni pclmulqdq ssse3 cx16 pcid sse4_1 sse4_2 x2apic movbe popcnt aes xsave avx rdrand hypervisor lahf_lm abm 3dnowprefetch invpcid_single pti fsgsbase avx2 invpcid rdseed clflushopt flush_l1d
bugs		: cpu_meltdown spectre_v1 spectre_v2 spec_store_bypass l1tf mds
bogomips	: 6002.98
clflush size	: 64
cache_alignment	: 64
address sizes	: 39 bits physical, 48 bits virtual
power management:

processor	: 3
vendor_id	: GenuineIntel
cpu family	: 6
model		: 158
model name	: Intel(R) Core(TM) i5-7400 CPU @ 3.00GHz
stepping	: 9
cpu MHz		: 2999.994
cache size	: 6144 KB
physical id	: 0
siblings	: 4
core id		: 3
cpu cores	: 4
apicid		: 3
initial apicid	: 3
fpu		: yes
fpu_exception	: yes
cpuid level	: 22
wp		: yes
flags		: fpu vme de pse tsc msr pae mce cx8 apic sep mtrr pge mca cmov pat pse36 clflush mmx fxsr sse sse2 ht syscall nx rdtscp lm constant_tsc rep_good nopl xtopology nonstop_tsc cpuid tsc_known_freq pni pclmulqdq ssse3 cx16 pcid sse4_1 sse4_2 x2apic movbe popcnt aes xsave avx rdrand hypervisor lahf_lm abm 3dnowprefetch invpcid_single pti fsgsbase avx2 invpcid rdseed clflushopt flush_l1d
bugs		: cpu_meltdown spectre_v1 spectre_v2 spec_store_bypass l1tf mds
bogomips	: 6002.98
clflush size	: 64
cache_alignment	: 64
address sizes	: 39 bits physical, 48 bits virtual
power management:



Memory: 4k page, physical 9820280k(326792k free), swap 0k(0k free)

vm_info: OpenJDK 64-Bit Server VM (25.212-b03) for linux-amd64 JRE (1.8.0_212-b03), built on May 20 2019 22:00:54 by "builder" with gcc 8.3.0

time: Thu Jun 13 19:09:40 2019
timezone: MSK
elapsed time: 1530 seconds (0d 0h 25m 30s)

