1558661174625:kek
1558661179266:exit
1558661436960:lowercase
1558661453398:lowercase --text string
1558661469134:lowercase --text GLkjdsflLJgf;lasjfg;l
1558661472360:exit
1558663424745:group test
1558663427075:test
1558664821422:automark create
1558664825391:create
1558664889320:automark create
1558664905169:automark create  --op aasldgkj
1558665913479:automark create slgj;ls sg;js;l asgljl
1558665940370:automark create lkjdsfg,js;lfj,sfd
1558666009995:automark create a,b,c
1558900189832:automark readall
1558900629336:x.getName().substring(3).equals("get")
1558900635692:automark getall
1558900640637:automark readall
1558901156206:getter.getName().substring(0, 3)
1558901161521:automark readall
1558902424102:List<Method> getterMethods
1558902430303:automark getall
1558902441206:automark readall
1558904924868:automark read 1
1558905345375:automark delete --id 1
1558905359117:automark create --name name
1558905527154:help automark delete
1558905544034:help automark
1558905560704:help "automark delete"
1558906539137:oreder readall
1558906546715:order readall
1558908029199:help "auto readall"
1558908039395:help "auto readrange"
1558908052766:auto readrange
1558908069396:auto readrange --limit 2 --offset 1
1558914869627:automark update
1558914884410:automark update --id 1
1558924437221:auto read 1
1558924448004:auto readall
1558924459448:auto create
1558924476756:automodel create --name sdgsl
1558958023090:automark readall
1558958028647:auto readalll
1558958034673:auto readall
1558958721443:automark getall
1558958731135:automark readall
1558958737319:automark read 1
1558958749949:automark create --name BMW
1558958756776:automark read 1
1558958761104:automark readall
1558959157742:automodel readall
1558959170827:automodeal create --name name
1558959191807:automodel create --name X5
1558959205135:help auto create
1558959215129:help "auto create"
1558959264791:auto create --mark-id 1 --model-id 1
1558959270035:auto readall
1558959284632:auto read 1
1558959331293:order read 1
1558959350002:order readall
1558959411887:exit
1558983067748:automark readall
1558983080465:auto read 1
1558983082769:exit
1558987196791:automark read 1
1558987257022:automark readall
1558987325671:automark read 1
1558988166785:automark readall
1558999781290:order read 1
