1558661174625:kek
1558661179266:exit
1558661436960:lowercase
1558661453398:lowercase --text string
1558661469134:lowercase --text GLkjdsflLJgf;lasjfg;l
1558661472360:exit
1558663424745:group test
1558663427075:test
1558664821422:automark create
1558664825391:create
1558664889320:automark create
1558664905169:automark create  --op aasldgkj
1558665913479:automark create slgj;ls sg;js;l asgljl
1558665940370:automark create lkjdsfg,js;lfj,sfd
1558666009995:automark create a,b,c
1558900189832:automark readall
1558900629336:x.getName().substring(3).equals("get")
1558900635692:automark getall
1558900640637:automark readall
1558901156206:getter.getName().substring(0, 3)
1558901161521:automark readall
1558902424102:List<Method> getterMethods
1558902430303:automark getall
1558902441206:automark readall
1558904924868:automark read 1
1558905345375:automark delete --id 1
1558905359117:automark create --name name
