1558661174625:kek
1558661179266:exit
1558661436960:lowercase
1558661453398:lowercase --text string
1558661469134:lowercase --text GLkjdsflLJgf;lasjfg;l
1558661472360:exit
1558663424745:group test
1558663427075:test
1558664821422:automark create
1558664825391:create
1558664889320:automark create
1558664905169:automark create  --op aasldgkj
1558665913479:automark create slgj;ls sg;js;l asgljl
1558665940370:automark create lkjdsfg,js;lfj,sfd
1558666009995:automark create a,b,c
1558900189832:automark readall
1558900629336:x.getName().substring(3).equals("get")
1558900635692:automark getall
1558900640637:automark readall
1558901156206:getter.getName().substring(0, 3)
1558901161521:automark readall
1558902424102:List<Method> getterMethods
1558902430303:automark getall
1558902441206:automark readall
1558904924868:automark read 1
1558905345375:automark delete --id 1
1558905359117:automark create --name name
1558905527154:help automark delete
1558905544034:help automark
1558905560704:help "automark delete"
1558906539137:oreder readall
1558906546715:order readall
1558908029199:help "auto readall"
1558908039395:help "auto readrange"
1558908052766:auto readrange
1558908069396:auto readrange --limit 2 --offset 1
1558914869627:automark update
1558914884410:automark update --id 1
1558924437221:auto read 1
1558924448004:auto readall
1558924459448:auto create
1558924476756:automodel create --name sdgsl
1558974124868:automark readall
1558975001483:autmodel readall
1558975015111:automodel readall
1558989232654:automark readall
1558989239773:exit
1558989535210:auto readall
1558989553054:exit
1558991034234:auto create
1558991292842:auto create --model-id 1 --mark-id 1 --option-ids 1,2
1558992516185:auto readall
1558992608809:auto create --model-id 1 --mark-id 1 --option-ids 1,2
1558992661926:auto read 6
1558992968893:autooption readall
1558992974525:api.autoAutoIdGet(id)
1558992987761:auto create --model-id 1 --mark-id 1 --option-ids 1
1558993012345:auto readall
1558993040256:auto create --model-id 1 --mark-id 1 --option-ids 1
1558993306792:auto readall
1558993329629:auto create --model-id 1 --mark-id 1 --option-ids 1
1558993501035:create --name Audi
1558993520378:automark create --name Audi
1558993534787:automodel create --name Q5
1558993552659:autoopition create --name sport
1558993564702:autooption create --name sport
1558993572329:auto create --model-id 1 --mark-id 1 --option-ids 1
1558993578670:auto readall
1558994276635:auto create --model-id 1 --mark-id 1 --option-ids 1
1558994845609:auto read 1
1558994855541:auto read 3
1558994923367:auto read 9
