2019-05-28 00:03:31.473  INFO 9784 --- [main] c.m.b.autoshowroom.client.Application    : Starting Application on boris-pc with PID 9784 (/home/boris/progs/autoshowroom/rest_client/out/production/classes started by boris in /home/boris/progs/autoshowroom/rest_client)
2019-05-28 00:03:31.479  INFO 9784 --- [main] c.m.b.autoshowroom.client.Application    : No active profile set, falling back to default profiles: default
2019-05-28 00:03:33.561  WARN 9784 --- [main] org.jline                                : Unable to create a system terminal, creating a dumb terminal (enable debug logging for more information)
2019-05-28 00:03:33.716  INFO 9784 --- [main] c.m.b.autoshowroom.client.Application    : Started Application in 3.292 seconds (JVM running for 4.421)
2019-05-28 00:08:06.936  INFO 11022 --- [main] c.m.b.autoshowroom.client.Application    : Starting Application on boris-pc with PID 11022 (/home/boris/progs/autoshowroom/rest_client/out/production/classes started by boris in /home/boris/progs/autoshowroom/rest_client)
2019-05-28 00:08:06.940  INFO 11022 --- [main] c.m.b.autoshowroom.client.Application    : No active profile set, falling back to default profiles: default
2019-05-28 00:08:08.809  WARN 11022 --- [main] org.jline                                : Unable to create a system terminal, creating a dumb terminal (enable debug logging for more information)
2019-05-28 00:08:08.931  INFO 11022 --- [main] c.m.b.autoshowroom.client.Application    : Started Application in 2.584 seconds (JVM running for 3.522)
2019-05-28 00:17:09.543  INFO 12063 --- [main] c.m.b.autoshowroom.client.Application    : Starting Application on boris-pc with PID 12063 (/home/boris/progs/autoshowroom/rest_client/out/production/classes started by boris in /home/boris/progs/autoshowroom/rest_client)
2019-05-28 00:17:09.548  INFO 12063 --- [main] c.m.b.autoshowroom.client.Application    : No active profile set, falling back to default profiles: default
2019-05-28 00:17:10.930  WARN 12063 --- [main] org.jline                                : Unable to create a system terminal, creating a dumb terminal (enable debug logging for more information)
2019-05-28 00:17:11.073  INFO 12063 --- [main] c.m.b.autoshowroom.client.Application    : Started Application in 2.244 seconds (JVM running for 3.155)
2019-05-28 00:22:07.454  INFO 13510 --- [main] c.m.b.autoshowroom.client.Application    : Starting Application on boris-pc with PID 13510 (/home/boris/progs/autoshowroom/rest_client/out/production/classes started by boris in /home/boris/progs/autoshowroom/rest_client)
2019-05-28 00:22:07.458  INFO 13510 --- [main] c.m.b.autoshowroom.client.Application    : No active profile set, falling back to default profiles: default
2019-05-28 00:22:08.766  WARN 13510 --- [main] org.jline                                : Unable to create a system terminal, creating a dumb terminal (enable debug logging for more information)
2019-05-28 00:22:08.985  INFO 13510 --- [main] c.m.b.autoshowroom.client.Application    : Started Application in 2.262 seconds (JVM running for 3.139)
2019-05-28 00:25:49.131  INFO 13510 --- [main] ConditionEvaluationReportLoggingListener : 

Error starting ApplicationContext. To display the conditions report re-run your application with 'debug' enabled.
2019-05-28 00:25:49.142 ERROR 13510 --- [main] o.s.boot.SpringApplication               : Application run failed

java.io.IOError: java.io.IOException: Неправильный дескриптор файла
	at org.jline.keymap.BindingReader.readCharacter(BindingReader.java:142) ~[jline-3.4.0.jar:na]
	at org.jline.keymap.BindingReader.readBinding(BindingReader.java:109) ~[jline-3.4.0.jar:na]
	at org.jline.keymap.BindingReader.readBinding(BindingReader.java:60) ~[jline-3.4.0.jar:na]
	at org.jline.reader.impl.LineReaderImpl.readBinding(LineReaderImpl.java:720) ~[jline-3.4.0.jar:na]
	at org.jline.reader.impl.LineReaderImpl.readLine(LineReaderImpl.java:522) ~[jline-3.4.0.jar:na]
	at org.jline.reader.impl.LineReaderImpl.readLine(LineReaderImpl.java:390) ~[jline-3.4.0.jar:na]
	at org.springframework.shell.jline.InteractiveShellApplicationRunner$JLineInputProvider.readInput(InteractiveShellApplicationRunner.java:115) ~[spring-shell-core-2.0.0.RELEASE.jar:2.0.0.RELEASE]
	at org.springframework.shell.Shell.run(Shell.java:125) ~[spring-shell-core-2.0.0.RELEASE.jar:2.0.0.RELEASE]
	at org.springframework.shell.jline.InteractiveShellApplicationRunner.run(InteractiveShellApplicationRunner.java:84) ~[spring-shell-core-2.0.0.RELEASE.jar:2.0.0.RELEASE]
	at org.springframework.boot.SpringApplication.callRunner(SpringApplication.java:804) [spring-boot-2.1.3.RELEASE.jar:2.1.3.RELEASE]
	at org.springframework.boot.SpringApplication.callRunners(SpringApplication.java:794) [spring-boot-2.1.3.RELEASE.jar:2.1.3.RELEASE]
	at org.springframework.boot.SpringApplication.run(SpringApplication.java:324) [spring-boot-2.1.3.RELEASE.jar:2.1.3.RELEASE]
	at org.springframework.boot.SpringApplication.run(SpringApplication.java:1260) [spring-boot-2.1.3.RELEASE.jar:2.1.3.RELEASE]
	at org.springframework.boot.SpringApplication.run(SpringApplication.java:1248) [spring-boot-2.1.3.RELEASE.jar:2.1.3.RELEASE]
	at com.mera.borisgk98.autoshowroom.client.Application.main(Application.java:18) [classes/:na]
Caused by: java.io.IOException: Неправильный дескриптор файла
	at java.io.FileInputStream.read0(Native Method) ~[na:1.8.0_212]
	at java.io.FileInputStream.read(FileInputStream.java:207) ~[na:1.8.0_212]
	at org.jline.terminal.impl.DumbTerminal$1.read(DumbTerminal.java:48) ~[jline-3.4.0.jar:na]
	at org.jline.terminal.impl.DumbTerminal$1.read(DumbTerminal.java:85) ~[jline-3.4.0.jar:na]
	at sun.nio.cs.StreamDecoder.readBytes(StreamDecoder.java:284) ~[na:1.8.0_212]
	at sun.nio.cs.StreamDecoder.implRead(StreamDecoder.java:326) ~[na:1.8.0_212]
	at sun.nio.cs.StreamDecoder.read(StreamDecoder.java:178) ~[na:1.8.0_212]
	at sun.nio.cs.StreamDecoder.read0(StreamDecoder.java:127) ~[na:1.8.0_212]
	at sun.nio.cs.StreamDecoder.read(StreamDecoder.java:112) ~[na:1.8.0_212]
	at java.io.InputStreamReader.read(InputStreamReader.java:168) ~[na:1.8.0_212]
	at org.jline.utils.NonBlockingReader.run(NonBlockingReader.java:276) ~[jline-3.4.0.jar:na]
	at java.lang.Thread.run(Thread.java:748) ~[na:1.8.0_212]

2019-05-28 00:27:14.152  INFO 14391 --- [main] c.m.b.autoshowroom.client.Application    : Starting Application on boris-pc with PID 14391 (/home/boris/progs/autoshowroom/rest_client/out/production/classes started by boris in /home/boris/progs/autoshowroom/rest_client)
2019-05-28 00:27:14.156  INFO 14391 --- [main] c.m.b.autoshowroom.client.Application    : No active profile set, falling back to default profiles: default
2019-05-28 00:27:15.528  WARN 14391 --- [main] org.jline                                : Unable to create a system terminal, creating a dumb terminal (enable debug logging for more information)
2019-05-28 00:27:15.648  INFO 14391 --- [main] c.m.b.autoshowroom.client.Application    : Started Application in 2.097 seconds (JVM running for 2.913)
2019-05-28 00:41:35.970  INFO 16774 --- [main] c.m.b.autoshowroom.client.Application    : Starting Application on boris-pc with PID 16774 (/home/boris/progs/autoshowroom/rest_client/out/production/classes started by boris in /home/boris/progs/autoshowroom/rest_client)
2019-05-28 00:41:35.994  INFO 16774 --- [main] c.m.b.autoshowroom.client.Application    : No active profile set, falling back to default profiles: default
2019-05-28 00:41:38.393  WARN 16774 --- [main] org.jline                                : Unable to create a system terminal, creating a dumb terminal (enable debug logging for more information)
2019-05-28 00:41:38.546  INFO 16774 --- [main] c.m.b.autoshowroom.client.Application    : Started Application in 4.697 seconds (JVM running for 9.536)
2019-05-28 00:57:37.431  INFO 20075 --- [main] c.m.b.autoshowroom.client.Application    : Starting Application on boris-pc with PID 20075 (/home/boris/progs/autoshowroom/rest_client/out/production/classes started by boris in /home/boris/progs/autoshowroom/rest_client)
2019-05-28 00:57:37.434  INFO 20075 --- [main] c.m.b.autoshowroom.client.Application    : No active profile set, falling back to default profiles: default
2019-05-28 00:57:38.616  WARN 20075 --- [main] org.jline                                : Unable to create a system terminal, creating a dumb terminal (enable debug logging for more information)
2019-05-28 00:57:38.758  INFO 20075 --- [main] c.m.b.autoshowroom.client.Application    : Started Application in 1.979 seconds (JVM running for 2.834)
2019-05-28 01:01:08.704  INFO 20075 --- [main] ConditionEvaluationReportLoggingListener : 

Error starting ApplicationContext. To display the conditions report re-run your application with 'debug' enabled.
2019-05-28 01:01:08.718 ERROR 20075 --- [main] o.s.boot.SpringApplication               : Application run failed

java.io.IOError: java.io.IOException: Неправильный дескриптор файла
	at org.jline.keymap.BindingReader.readCharacter(BindingReader.java:142) ~[jline-3.4.0.jar:na]
	at org.jline.keymap.BindingReader.readBinding(BindingReader.java:109) ~[jline-3.4.0.jar:na]
	at org.jline.keymap.BindingReader.readBinding(BindingReader.java:60) ~[jline-3.4.0.jar:na]
	at org.jline.reader.impl.LineReaderImpl.readBinding(LineReaderImpl.java:720) ~[jline-3.4.0.jar:na]
	at org.jline.reader.impl.LineReaderImpl.readLine(LineReaderImpl.java:522) ~[jline-3.4.0.jar:na]
	at org.jline.reader.impl.LineReaderImpl.readLine(LineReaderImpl.java:390) ~[jline-3.4.0.jar:na]
	at org.springframework.shell.jline.InteractiveShellApplicationRunner$JLineInputProvider.readInput(InteractiveShellApplicationRunner.java:115) ~[spring-shell-core-2.0.0.RELEASE.jar:2.0.0.RELEASE]
	at org.springframework.shell.Shell.run(Shell.java:125) ~[spring-shell-core-2.0.0.RELEASE.jar:2.0.0.RELEASE]
	at org.springframework.shell.jline.InteractiveShellApplicationRunner.run(InteractiveShellApplicationRunner.java:84) ~[spring-shell-core-2.0.0.RELEASE.jar:2.0.0.RELEASE]
	at org.springframework.boot.SpringApplication.callRunner(SpringApplication.java:804) [spring-boot-2.1.3.RELEASE.jar:2.1.3.RELEASE]
	at org.springframework.boot.SpringApplication.callRunners(SpringApplication.java:794) [spring-boot-2.1.3.RELEASE.jar:2.1.3.RELEASE]
	at org.springframework.boot.SpringApplication.run(SpringApplication.java:324) [spring-boot-2.1.3.RELEASE.jar:2.1.3.RELEASE]
	at org.springframework.boot.SpringApplication.run(SpringApplication.java:1260) [spring-boot-2.1.3.RELEASE.jar:2.1.3.RELEASE]
	at org.springframework.boot.SpringApplication.run(SpringApplication.java:1248) [spring-boot-2.1.3.RELEASE.jar:2.1.3.RELEASE]
	at com.mera.borisgk98.autoshowroom.client.Application.main(Application.java:18) [classes/:na]
Caused by: java.io.IOException: Неправильный дескриптор файла
	at java.io.FileInputStream.read0(Native Method) ~[na:1.8.0_212]
	at java.io.FileInputStream.read(FileInputStream.java:207) ~[na:1.8.0_212]
	at org.jline.terminal.impl.DumbTerminal$1.read(DumbTerminal.java:48) ~[jline-3.4.0.jar:na]
	at org.jline.terminal.impl.DumbTerminal$1.read(DumbTerminal.java:85) ~[jline-3.4.0.jar:na]
	at sun.nio.cs.StreamDecoder.readBytes(StreamDecoder.java:284) ~[na:1.8.0_212]
	at sun.nio.cs.StreamDecoder.implRead(StreamDecoder.java:326) ~[na:1.8.0_212]
	at sun.nio.cs.StreamDecoder.read(StreamDecoder.java:178) ~[na:1.8.0_212]
	at sun.nio.cs.StreamDecoder.read0(StreamDecoder.java:127) ~[na:1.8.0_212]
	at sun.nio.cs.StreamDecoder.read(StreamDecoder.java:112) ~[na:1.8.0_212]
	at java.io.InputStreamReader.read(InputStreamReader.java:168) ~[na:1.8.0_212]
	at org.jline.utils.NonBlockingReader.run(NonBlockingReader.java:276) ~[jline-3.4.0.jar:na]
	at java.lang.Thread.run(Thread.java:748) ~[na:1.8.0_212]

2019-05-28 01:07:14.880  INFO 21791 --- [main] c.m.b.autoshowroom.client.Application    : Starting Application on boris-pc with PID 21791 (/home/boris/progs/autoshowroom/rest_client/out/production/classes started by boris in /home/boris/progs/autoshowroom/rest_client)
2019-05-28 01:07:14.888  INFO 21791 --- [main] c.m.b.autoshowroom.client.Application    : No active profile set, falling back to default profiles: default
2019-05-28 01:07:16.102  WARN 21791 --- [main] org.jline                                : Unable to create a system terminal, creating a dumb terminal (enable debug logging for more information)
2019-05-28 01:07:16.221  INFO 21791 --- [main] c.m.b.autoshowroom.client.Application    : Started Application in 2.03 seconds (JVM running for 2.917)
2019-05-28 01:52:50.600  INFO 26566 --- [main] c.m.b.autoshowroom.client.Application    : Starting Application on boris-pc with PID 26566 (/home/boris/progs/autoshowroom/rest_client/out/production/classes started by boris in /home/boris/progs/autoshowroom/rest_client)
2019-05-28 01:52:50.605  INFO 26566 --- [main] c.m.b.autoshowroom.client.Application    : No active profile set, falling back to default profiles: default
2019-05-28 01:52:51.864  WARN 26566 --- [main] org.jline                                : Unable to create a system terminal, creating a dumb terminal (enable debug logging for more information)
2019-05-28 01:52:51.996  INFO 26566 --- [main] c.m.b.autoshowroom.client.Application    : Started Application in 2.06 seconds (JVM running for 3.022)
2019-05-28 02:07:33.083  INFO 28449 --- [main] c.m.b.autoshowroom.client.Application    : Starting Application on boris-pc with PID 28449 (/home/boris/progs/autoshowroom/rest_client/out/production/classes started by boris in /home/boris/progs/autoshowroom/rest_client)
2019-05-28 02:07:33.087  INFO 28449 --- [main] c.m.b.autoshowroom.client.Application    : No active profile set, falling back to default profiles: default
2019-05-28 02:07:34.299  WARN 28449 --- [main] org.jline                                : Unable to create a system terminal, creating a dumb terminal (enable debug logging for more information)
2019-05-28 02:07:34.444  INFO 28449 --- [main] c.m.b.autoshowroom.client.Application    : Started Application in 2.01 seconds (JVM running for 3.103)
2019-05-28 02:16:58.551  INFO 30200 --- [main] c.m.b.autoshowroom.client.Application    : Starting Application on boris-pc with PID 30200 (/home/boris/progs/autoshowroom/rest_client/out/production/classes started by boris in /home/boris/progs/autoshowroom/rest_client)
2019-05-28 02:16:58.560  INFO 30200 --- [main] c.m.b.autoshowroom.client.Application    : No active profile set, falling back to default profiles: default
2019-05-28 02:17:00.286  WARN 30200 --- [main] org.jline                                : Unable to create a system terminal, creating a dumb terminal (enable debug logging for more information)
2019-05-28 02:17:00.601  INFO 30200 --- [main] c.m.b.autoshowroom.client.Application    : Started Application in 2.779 seconds (JVM running for 3.666)
2019-05-28 02:20:16.020  INFO 30200 --- [main] ConditionEvaluationReportLoggingListener : 

Error starting ApplicationContext. To display the conditions report re-run your application with 'debug' enabled.
2019-05-28 02:20:16.032 ERROR 30200 --- [main] o.s.boot.SpringApplication               : Application run failed

java.io.IOError: java.io.IOException: Неправильный дескриптор файла
	at org.jline.keymap.BindingReader.readCharacter(BindingReader.java:142) ~[jline-3.4.0.jar:na]
	at org.jline.keymap.BindingReader.readBinding(BindingReader.java:109) ~[jline-3.4.0.jar:na]
	at org.jline.keymap.BindingReader.readBinding(BindingReader.java:60) ~[jline-3.4.0.jar:na]
	at org.jline.reader.impl.LineReaderImpl.readBinding(LineReaderImpl.java:720) ~[jline-3.4.0.jar:na]
	at org.jline.reader.impl.LineReaderImpl.readLine(LineReaderImpl.java:522) ~[jline-3.4.0.jar:na]
	at org.jline.reader.impl.LineReaderImpl.readLine(LineReaderImpl.java:390) ~[jline-3.4.0.jar:na]
	at org.springframework.shell.jline.InteractiveShellApplicationRunner$JLineInputProvider.readInput(InteractiveShellApplicationRunner.java:115) ~[spring-shell-core-2.0.0.RELEASE.jar:2.0.0.RELEASE]
	at org.springframework.shell.Shell.run(Shell.java:125) ~[spring-shell-core-2.0.0.RELEASE.jar:2.0.0.RELEASE]
	at org.springframework.shell.jline.InteractiveShellApplicationRunner.run(InteractiveShellApplicationRunner.java:84) ~[spring-shell-core-2.0.0.RELEASE.jar:2.0.0.RELEASE]
	at org.springframework.boot.SpringApplication.callRunner(SpringApplication.java:804) [spring-boot-2.1.3.RELEASE.jar:2.1.3.RELEASE]
	at org.springframework.boot.SpringApplication.callRunners(SpringApplication.java:794) [spring-boot-2.1.3.RELEASE.jar:2.1.3.RELEASE]
	at org.springframework.boot.SpringApplication.run(SpringApplication.java:324) [spring-boot-2.1.3.RELEASE.jar:2.1.3.RELEASE]
	at org.springframework.boot.SpringApplication.run(SpringApplication.java:1260) [spring-boot-2.1.3.RELEASE.jar:2.1.3.RELEASE]
	at org.springframework.boot.SpringApplication.run(SpringApplication.java:1248) [spring-boot-2.1.3.RELEASE.jar:2.1.3.RELEASE]
	at com.mera.borisgk98.autoshowroom.client.Application.main(Application.java:18) [classes/:na]
Caused by: java.io.IOException: Неправильный дескриптор файла
	at java.io.FileInputStream.read0(Native Method) ~[na:1.8.0_212]
	at java.io.FileInputStream.read(FileInputStream.java:207) ~[na:1.8.0_212]
	at org.jline.terminal.impl.DumbTerminal$1.read(DumbTerminal.java:48) ~[jline-3.4.0.jar:na]
	at org.jline.terminal.impl.DumbTerminal$1.read(DumbTerminal.java:85) ~[jline-3.4.0.jar:na]
	at sun.nio.cs.StreamDecoder.readBytes(StreamDecoder.java:284) ~[na:1.8.0_212]
	at sun.nio.cs.StreamDecoder.implRead(StreamDecoder.java:326) ~[na:1.8.0_212]
	at sun.nio.cs.StreamDecoder.read(StreamDecoder.java:178) ~[na:1.8.0_212]
	at sun.nio.cs.StreamDecoder.read0(StreamDecoder.java:127) ~[na:1.8.0_212]
	at sun.nio.cs.StreamDecoder.read(StreamDecoder.java:112) ~[na:1.8.0_212]
	at java.io.InputStreamReader.read(InputStreamReader.java:168) ~[na:1.8.0_212]
	at org.jline.utils.NonBlockingReader.run(NonBlockingReader.java:276) ~[jline-3.4.0.jar:na]
	at java.lang.Thread.run(Thread.java:748) ~[na:1.8.0_212]

2019-05-28 02:21:20.708  INFO 30602 --- [main] c.m.b.autoshowroom.client.Application    : Starting Application on boris-pc with PID 30602 (/home/boris/progs/autoshowroom/rest_client/out/production/classes started by boris in /home/boris/progs/autoshowroom/rest_client)
2019-05-28 02:21:20.714  INFO 30602 --- [main] c.m.b.autoshowroom.client.Application    : No active profile set, falling back to default profiles: default
2019-05-28 02:21:22.241  WARN 30602 --- [main] org.jline                                : Unable to create a system terminal, creating a dumb terminal (enable debug logging for more information)
2019-05-28 02:21:22.368  INFO 30602 --- [main] c.m.b.autoshowroom.client.Application    : Started Application in 2.079 seconds (JVM running for 2.853)
2019-05-28 02:23:48.654  INFO 30602 --- [main] ConditionEvaluationReportLoggingListener : 

Error starting ApplicationContext. To display the conditions report re-run your application with 'debug' enabled.
2019-05-28 02:23:48.665 ERROR 30602 --- [main] o.s.boot.SpringApplication               : Application run failed

java.io.IOError: java.io.IOException: Неправильный дескриптор файла
	at org.jline.keymap.BindingReader.readCharacter(BindingReader.java:142) ~[jline-3.4.0.jar:na]
	at org.jline.keymap.BindingReader.readBinding(BindingReader.java:109) ~[jline-3.4.0.jar:na]
	at org.jline.keymap.BindingReader.readBinding(BindingReader.java:60) ~[jline-3.4.0.jar:na]
	at org.jline.reader.impl.LineReaderImpl.readBinding(LineReaderImpl.java:720) ~[jline-3.4.0.jar:na]
	at org.jline.reader.impl.LineReaderImpl.readLine(LineReaderImpl.java:522) ~[jline-3.4.0.jar:na]
	at org.jline.reader.impl.LineReaderImpl.readLine(LineReaderImpl.java:390) ~[jline-3.4.0.jar:na]
	at org.springframework.shell.jline.InteractiveShellApplicationRunner$JLineInputProvider.readInput(InteractiveShellApplicationRunner.java:115) ~[spring-shell-core-2.0.0.RELEASE.jar:2.0.0.RELEASE]
	at org.springframework.shell.Shell.run(Shell.java:125) ~[spring-shell-core-2.0.0.RELEASE.jar:2.0.0.RELEASE]
	at org.springframework.shell.jline.InteractiveShellApplicationRunner.run(InteractiveShellApplicationRunner.java:84) ~[spring-shell-core-2.0.0.RELEASE.jar:2.0.0.RELEASE]
	at org.springframework.boot.SpringApplication.callRunner(SpringApplication.java:804) [spring-boot-2.1.3.RELEASE.jar:2.1.3.RELEASE]
	at org.springframework.boot.SpringApplication.callRunners(SpringApplication.java:794) [spring-boot-2.1.3.RELEASE.jar:2.1.3.RELEASE]
	at org.springframework.boot.SpringApplication.run(SpringApplication.java:324) [spring-boot-2.1.3.RELEASE.jar:2.1.3.RELEASE]
	at org.springframework.boot.SpringApplication.run(SpringApplication.java:1260) [spring-boot-2.1.3.RELEASE.jar:2.1.3.RELEASE]
	at org.springframework.boot.SpringApplication.run(SpringApplication.java:1248) [spring-boot-2.1.3.RELEASE.jar:2.1.3.RELEASE]
	at com.mera.borisgk98.autoshowroom.client.Application.main(Application.java:18) [classes/:na]
Caused by: java.io.IOException: Неправильный дескриптор файла
	at java.io.FileInputStream.read0(Native Method) ~[na:1.8.0_212]
	at java.io.FileInputStream.read(FileInputStream.java:207) ~[na:1.8.0_212]
	at org.jline.terminal.impl.DumbTerminal$1.read(DumbTerminal.java:48) ~[jline-3.4.0.jar:na]
	at org.jline.terminal.impl.DumbTerminal$1.read(DumbTerminal.java:85) ~[jline-3.4.0.jar:na]
	at sun.nio.cs.StreamDecoder.readBytes(StreamDecoder.java:284) ~[na:1.8.0_212]
	at sun.nio.cs.StreamDecoder.implRead(StreamDecoder.java:326) ~[na:1.8.0_212]
	at sun.nio.cs.StreamDecoder.read(StreamDecoder.java:178) ~[na:1.8.0_212]
	at sun.nio.cs.StreamDecoder.read0(StreamDecoder.java:127) ~[na:1.8.0_212]
	at sun.nio.cs.StreamDecoder.read(StreamDecoder.java:112) ~[na:1.8.0_212]
	at java.io.InputStreamReader.read(InputStreamReader.java:168) ~[na:1.8.0_212]
	at org.jline.utils.NonBlockingReader.run(NonBlockingReader.java:276) ~[jline-3.4.0.jar:na]
	at java.lang.Thread.run(Thread.java:748) ~[na:1.8.0_212]

2019-05-28 02:24:13.488  INFO 30928 --- [main] c.m.b.autoshowroom.client.Application    : Starting Application on boris-pc with PID 30928 (/home/boris/progs/autoshowroom/rest_client/out/production/classes started by boris in /home/boris/progs/autoshowroom/rest_client)
2019-05-28 02:24:13.492  INFO 30928 --- [main] c.m.b.autoshowroom.client.Application    : No active profile set, falling back to default profiles: default
2019-05-28 02:24:14.841  WARN 30928 --- [main] org.jline                                : Unable to create a system terminal, creating a dumb terminal (enable debug logging for more information)
2019-05-28 02:24:14.975  INFO 30928 --- [main] c.m.b.autoshowroom.client.Application    : Started Application in 2.169 seconds (JVM running for 3.04)
2019-05-28 02:24:42.705  INFO 31107 --- [main] c.m.b.autoshowroom.client.Application    : Starting Application on boris-pc with PID 31107 (/home/boris/progs/autoshowroom/rest_client/out/production/classes started by boris in /home/boris/progs/autoshowroom/rest_client)
2019-05-28 02:24:42.709  INFO 31107 --- [main] c.m.b.autoshowroom.client.Application    : No active profile set, falling back to default profiles: default
2019-05-28 02:24:43.901  WARN 31107 --- [main] org.jline                                : Unable to create a system terminal, creating a dumb terminal (enable debug logging for more information)
2019-05-28 02:24:44.020  INFO 31107 --- [main] c.m.b.autoshowroom.client.Application    : Started Application in 2.061 seconds (JVM running for 3.241)
2019-05-28 02:27:33.273  INFO 31485 --- [main] c.m.b.autoshowroom.client.Application    : Starting Application on boris-pc with PID 31485 (/home/boris/progs/autoshowroom/rest_client/out/production/classes started by boris in /home/boris/progs/autoshowroom/rest_client)
2019-05-28 02:27:33.287  INFO 31485 --- [main] c.m.b.autoshowroom.client.Application    : No active profile set, falling back to default profiles: default
2019-05-28 02:27:34.714  WARN 31485 --- [main] org.jline                                : Unable to create a system terminal, creating a dumb terminal (enable debug logging for more information)
2019-05-28 02:27:34.872  INFO 31485 --- [main] c.m.b.autoshowroom.client.Application    : Started Application in 2.303 seconds (JVM running for 3.149)
